[2022-07-20 18:52:05,756] INFO Shutting down the log cleaner. (kafka.log.LogCleaner)
[2022-07-20 18:52:05,759] INFO [kafka-log-cleaner-thread-0]: Shutting down (kafka.log.LogCleaner)
[2022-07-20 18:52:05,760] INFO [kafka-log-cleaner-thread-0]: Stopped (kafka.log.LogCleaner)
[2022-07-20 18:52:05,760] INFO [kafka-log-cleaner-thread-0]: Shutdown completed (kafka.log.LogCleaner)
[2022-07-20 18:53:55,184] INFO Starting the log cleaner (kafka.log.LogCleaner)
[2022-07-20 18:53:55,368] INFO [kafka-log-cleaner-thread-0]: Starting (kafka.log.LogCleaner)
[2022-07-20 19:23:22,694] INFO Shutting down the log cleaner. (kafka.log.LogCleaner)
[2022-07-20 19:23:22,695] INFO [kafka-log-cleaner-thread-0]: Shutting down (kafka.log.LogCleaner)
[2022-07-20 19:23:22,697] INFO [kafka-log-cleaner-thread-0]: Stopped (kafka.log.LogCleaner)
[2022-07-20 19:23:22,697] INFO [kafka-log-cleaner-thread-0]: Shutdown completed (kafka.log.LogCleaner)
[2022-07-20 19:23:34,047] INFO Starting the log cleaner (kafka.log.LogCleaner)
[2022-07-20 19:23:34,165] INFO [kafka-log-cleaner-thread-0]: Starting (kafka.log.LogCleaner)
[2022-07-21 02:33:29,328] INFO Shutting down the log cleaner. (kafka.log.LogCleaner)
[2022-07-21 02:33:29,331] INFO [kafka-log-cleaner-thread-0]: Shutting down (kafka.log.LogCleaner)
[2022-07-21 02:33:29,332] INFO [kafka-log-cleaner-thread-0]: Stopped (kafka.log.LogCleaner)
[2022-07-21 02:33:29,332] INFO [kafka-log-cleaner-thread-0]: Shutdown completed (kafka.log.LogCleaner)
[2022-07-26 14:34:09,714] INFO Starting the log cleaner (kafka.log.LogCleaner)
[2022-07-26 14:34:09,879] INFO [kafka-log-cleaner-thread-0]: Starting (kafka.log.LogCleaner)
[2022-07-26 21:54:53,896] INFO Shutting down the log cleaner. (kafka.log.LogCleaner)
[2022-07-26 21:54:53,898] INFO [kafka-log-cleaner-thread-0]: Shutting down (kafka.log.LogCleaner)
[2022-07-26 21:54:53,899] INFO [kafka-log-cleaner-thread-0]: Stopped (kafka.log.LogCleaner)
[2022-07-26 21:54:53,899] INFO [kafka-log-cleaner-thread-0]: Shutdown completed (kafka.log.LogCleaner)
