[2022-07-20 14:34:43,936] INFO [Controller id=0 epoch=1] Sending UpdateMetadata request to brokers Set(0) for 0 partitions (state.change.logger)
[2022-07-20 16:46:45,199] INFO [Controller id=0 epoch=1] Changed partition kafkaUserTopic-0 state from NonExistentPartition to NewPartition with assigned replicas 0 (state.change.logger)
[2022-07-20 16:46:45,221] INFO [Controller id=0 epoch=1] Sending UpdateMetadata request to brokers Set() for 0 partitions (state.change.logger)
[2022-07-20 16:46:45,238] INFO [Controller id=0 epoch=1] Sending UpdateMetadata request to brokers Set() for 0 partitions (state.change.logger)
[2022-07-20 16:46:45,327] INFO [Controller id=0 epoch=1] Changed partition kafkaUserTopic-0 from NewPartition to OnlinePartition with state LeaderAndIsr(leader=0, leaderEpoch=0, isr=List(0), leaderRecoveryState=RECOVERED, zkVersion=0) (state.change.logger)
[2022-07-20 16:46:45,332] INFO [Controller id=0 epoch=1] Sending LeaderAndIsr request to broker 0 with 1 become-leader and 0 become-follower partitions (state.change.logger)
[2022-07-20 16:46:45,337] INFO [Controller id=0 epoch=1] Sending UpdateMetadata request to brokers Set(0) for 1 partitions (state.change.logger)
[2022-07-20 16:46:45,339] INFO [Controller id=0 epoch=1] Sending UpdateMetadata request to brokers Set() for 0 partitions (state.change.logger)
[2022-07-20 16:46:45,380] INFO [Controller id=0 epoch=1] Changed partition __consumer_offsets-22 state from NonExistentPartition to NewPartition with assigned replicas 0 (state.change.logger)
[2022-07-20 16:46:45,380] INFO [Controller id=0 epoch=1] Changed partition __consumer_offsets-30 state from NonExistentPartition to NewPartition with assigned replicas 0 (state.change.logger)
[2022-07-20 16:46:45,380] INFO [Controller id=0 epoch=1] Changed partition __consumer_offsets-8 state from NonExistentPartition to NewPartition with assigned replicas 0 (state.change.logger)
[2022-07-20 16:46:45,380] INFO [Controller id=0 epoch=1] Changed partition __consumer_offsets-21 state from NonExistentPartition to NewPartition with assigned replicas 0 (state.change.logger)
[2022-07-20 16:46:45,380] INFO [Controller id=0 epoch=1] Changed partition __consumer_offsets-4 state from NonExistentPartition to NewPartition with assigned replicas 0 (state.change.logger)
[2022-07-20 16:46:45,381] INFO [Controller id=0 epoch=1] Changed partition __consumer_offsets-27 state from NonExistentPartition to NewPartition with assigned replicas 0 (state.change.logger)
[2022-07-20 16:46:45,381] INFO [Controller id=0 epoch=1] Changed partition __consumer_offsets-7 state from NonExistentPartition to NewPartition with assigned replicas 0 (state.change.logger)
[2022-07-20 16:46:45,381] INFO [Controller id=0 epoch=1] Changed partition __consumer_offsets-9 state from NonExistentPartition to NewPartition with assigned replicas 0 (state.change.logger)
[2022-07-20 16:46:45,381] INFO [Controller id=0 epoch=1] Changed partition __consumer_offsets-46 state from NonExistentPartition to NewPartition with assigned replicas 0 (state.change.logger)
[2022-07-20 16:46:45,381] INFO [Controller id=0 epoch=1] Changed partition __consumer_offsets-25 state from NonExistentPartition to NewPartition with assigned replicas 0 (state.change.logger)
[2022-07-20 16:46:45,382] INFO [Controller id=0 epoch=1] Changed partition __consumer_offsets-35 state from NonExistentPartition to NewPartition with assigned replicas 0 (state.change.logger)
[2022-07-20 16:46:45,382] INFO [Controller id=0 epoch=1] Changed partition __consumer_offsets-41 state from NonExistentPartition to NewPartition with assigned replicas 0 (state.change.logger)
[2022-07-20 16:46:45,382] INFO [Controller id=0 epoch=1] Changed partition __consumer_offsets-33 state from NonExistentPartition to NewPartition with assigned replicas 0 (state.change.logger)
[2022-07-20 16:46:45,382] INFO [Controller id=0 epoch=1] Changed partition __consumer_offsets-23 state from NonExistentPartition to NewPartition with assigned replicas 0 (state.change.logger)
[2022-07-20 16:46:45,382] INFO [Controller id=0 epoch=1] Changed partition __consumer_offsets-49 state from NonExistentPartition to NewPartition with assigned replicas 0 (state.change.logger)
[2022-07-20 16:46:45,382] INFO [Controller id=0 epoch=1] Changed partition __consumer_offsets-47 state from NonExistentPartition to NewPartition with assigned replicas 0 (state.change.logger)
[2022-07-20 16:46:45,383] INFO [Controller id=0 epoch=1] Changed partition __consumer_offsets-16 state from NonExistentPartition to NewPartition with assigned replicas 0 (state.change.logger)
[2022-07-20 16:46:45,383] INFO [Controller id=0 epoch=1] Changed partition __consumer_offsets-28 state from NonExistentPartition to NewPartition with assigned replicas 0 (state.change.logger)
[2022-07-20 16:46:45,383] INFO [Controller id=0 epoch=1] Changed partition __consumer_offsets-31 state from NonExistentPartition to NewPartition with assigned replicas 0 (state.change.logger)
[2022-07-20 16:46:45,383] INFO [Controller id=0 epoch=1] Changed partition __consumer_offsets-36 state from NonExistentPartition to NewPartition with assigned replicas 0 (state.change.logger)
[2022-07-20 16:46:45,383] INFO [Controller id=0 epoch=1] Changed partition __consumer_offsets-42 state from NonExistentPartition to NewPartition with assigned replicas 0 (state.change.logger)
[2022-07-20 16:46:45,383] INFO [Controller id=0 epoch=1] Changed partition __consumer_offsets-3 state from NonExistentPartition to NewPartition with assigned replicas 0 (state.change.logger)
[2022-07-20 16:46:45,383] INFO [Controller id=0 epoch=1] Changed partition __consumer_offsets-18 state from NonExistentPartition to NewPartition with assigned replicas 0 (state.change.logger)
[2022-07-20 16:46:45,383] INFO [Controller id=0 epoch=1] Changed partition __consumer_offsets-37 state from NonExistentPartition to NewPartition with assigned replicas 0 (state.change.logger)
[2022-07-20 16:46:45,383] INFO [Controller id=0 epoch=1] Changed partition __consumer_offsets-15 state from NonExistentPartition to NewPartition with assigned replicas 0 (state.change.logger)
[2022-07-20 16:46:45,384] INFO [Controller id=0 epoch=1] Changed partition __consumer_offsets-24 state from NonExistentPartition to NewPartition with assigned replicas 0 (state.change.logger)
[2022-07-20 16:46:45,384] INFO [Controller id=0 epoch=1] Changed partition __consumer_offsets-38 state from NonExistentPartition to NewPartition with assigned replicas 0 (state.change.logger)
[2022-07-20 16:46:45,384] INFO [Controller id=0 epoch=1] Changed partition __consumer_offsets-17 state from NonExistentPartition to NewPartition with assigned replicas 0 (state.change.logger)
[2022-07-20 16:46:45,384] INFO [Controller id=0 epoch=1] Changed partition __consumer_offsets-48 state from NonExistentPartition to NewPartition with assigned replicas 0 (state.change.logger)
[2022-07-20 16:46:45,384] INFO [Controller id=0 epoch=1] Changed partition __consumer_offsets-19 state from NonExistentPartition to NewPartition with assigned replicas 0 (state.change.logger)
[2022-07-20 16:46:45,384] INFO [Controller id=0 epoch=1] Changed partition __consumer_offsets-11 state from NonExistentPartition to NewPartition with assigned replicas 0 (state.change.logger)
[2022-07-20 16:46:45,384] INFO [Controller id=0 epoch=1] Changed partition __consumer_offsets-13 state from NonExistentPartition to NewPartition with assigned replicas 0 (state.change.logger)
[2022-07-20 16:46:45,384] INFO [Controller id=0 epoch=1] Changed partition __consumer_offsets-2 state from NonExistentPartition to NewPartition with assigned replicas 0 (state.change.logger)
[2022-07-20 16:46:45,384] INFO [Controller id=0 epoch=1] Changed partition __consumer_offsets-43 state from NonExistentPartition to NewPartition with assigned replicas 0 (state.change.logger)
[2022-07-20 16:46:45,384] INFO [Controller id=0 epoch=1] Changed partition __consumer_offsets-6 state from NonExistentPartition to NewPartition with assigned replicas 0 (state.change.logger)
[2022-07-20 16:46:45,384] INFO [Controller id=0 epoch=1] Changed partition __consumer_offsets-14 state from NonExistentPartition to NewPartition with assigned replicas 0 (state.change.logger)
[2022-07-20 16:46:45,385] INFO [Controller id=0 epoch=1] Changed partition __consumer_offsets-20 state from NonExistentPartition to NewPartition with assigned replicas 0 (state.change.logger)
[2022-07-20 16:46:45,385] INFO [Controller id=0 epoch=1] Changed partition __consumer_offsets-0 state from NonExistentPartition to NewPartition with assigned replicas 0 (state.change.logger)
[2022-07-20 16:46:45,385] INFO [Controller id=0 epoch=1] Changed partition __consumer_offsets-44 state from NonExistentPartition to NewPartition with assigned replicas 0 (state.change.logger)
[2022-07-20 16:46:45,385] INFO [Controller id=0 epoch=1] Changed partition __consumer_offsets-39 state from NonExistentPartition to NewPartition with assigned replicas 0 (state.change.logger)
[2022-07-20 16:46:45,385] INFO [Controller id=0 epoch=1] Changed partition __consumer_offsets-12 state from NonExistentPartition to NewPartition with assigned replicas 0 (state.change.logger)
[2022-07-20 16:46:45,385] INFO [Controller id=0 epoch=1] Changed partition __consumer_offsets-45 state from NonExistentPartition to NewPartition with assigned replicas 0 (state.change.logger)
[2022-07-20 16:46:45,385] INFO [Controller id=0 epoch=1] Changed partition __consumer_offsets-1 state from NonExistentPartition to NewPartition with assigned replicas 0 (state.change.logger)
[2022-07-20 16:46:45,390] INFO [Controller id=0 epoch=1] Changed partition __consumer_offsets-5 state from NonExistentPartition to NewPartition with assigned replicas 0 (state.change.logger)
[2022-07-20 16:46:45,390] INFO [Controller id=0 epoch=1] Changed partition __consumer_offsets-26 state from NonExistentPartition to NewPartition with assigned replicas 0 (state.change.logger)
[2022-07-20 16:46:45,390] INFO [Controller id=0 epoch=1] Changed partition __consumer_offsets-29 state from NonExistentPartition to NewPartition with assigned replicas 0 (state.change.logger)
[2022-07-20 16:46:45,390] INFO [Controller id=0 epoch=1] Changed partition __consumer_offsets-34 state from NonExistentPartition to NewPartition with assigned replicas 0 (state.change.logger)
[2022-07-20 16:46:45,390] INFO [Controller id=0 epoch=1] Changed partition __consumer_offsets-10 state from NonExistentPartition to NewPartition with assigned replicas 0 (state.change.logger)
[2022-07-20 16:46:45,407] INFO [Controller id=0 epoch=1] Changed partition __consumer_offsets-32 state from NonExistentPartition to NewPartition with assigned replicas 0 (state.change.logger)
[2022-07-20 16:46:45,407] INFO [Controller id=0 epoch=1] Changed partition __consumer_offsets-40 state from NonExistentPartition to NewPartition with assigned replicas 0 (state.change.logger)
[2022-07-20 16:46:45,408] INFO [Controller id=0 epoch=1] Sending UpdateMetadata request to brokers Set() for 0 partitions (state.change.logger)
[2022-07-20 16:46:45,431] INFO [Controller id=0 epoch=1] Sending UpdateMetadata request to brokers Set() for 0 partitions (state.change.logger)
[2022-07-20 16:46:45,459] INFO [Broker id=0] Handling LeaderAndIsr request correlationId 1 from controller 0 for 1 partitions (state.change.logger)
[2022-07-20 16:46:45,817] INFO [Broker id=0] Stopped fetchers as part of LeaderAndIsr request correlationId 1 from controller 0 epoch 1 as part of the become-leader transition for 1 partitions (state.change.logger)
[2022-07-20 16:46:45,850] INFO [Controller id=0 epoch=1] Changed partition __consumer_offsets-22 from NewPartition to OnlinePartition with state LeaderAndIsr(leader=0, leaderEpoch=0, isr=List(0), leaderRecoveryState=RECOVERED, zkVersion=0) (state.change.logger)
[2022-07-20 16:46:45,850] INFO [Controller id=0 epoch=1] Changed partition __consumer_offsets-30 from NewPartition to OnlinePartition with state LeaderAndIsr(leader=0, leaderEpoch=0, isr=List(0), leaderRecoveryState=RECOVERED, zkVersion=0) (state.change.logger)
[2022-07-20 16:46:45,850] INFO [Controller id=0 epoch=1] Changed partition __consumer_offsets-8 from NewPartition to OnlinePartition with state LeaderAndIsr(leader=0, leaderEpoch=0, isr=List(0), leaderRecoveryState=RECOVERED, zkVersion=0) (state.change.logger)
[2022-07-20 16:46:45,850] INFO [Controller id=0 epoch=1] Changed partition __consumer_offsets-21 from NewPartition to OnlinePartition with state LeaderAndIsr(leader=0, leaderEpoch=0, isr=List(0), leaderRecoveryState=RECOVERED, zkVersion=0) (state.change.logger)
[2022-07-20 16:46:45,850] INFO [Controller id=0 epoch=1] Changed partition __consumer_offsets-4 from NewPartition to OnlinePartition with state LeaderAndIsr(leader=0, leaderEpoch=0, isr=List(0), leaderRecoveryState=RECOVERED, zkVersion=0) (state.change.logger)
[2022-07-20 16:46:45,850] INFO [Controller id=0 epoch=1] Changed partition __consumer_offsets-27 from NewPartition to OnlinePartition with state LeaderAndIsr(leader=0, leaderEpoch=0, isr=List(0), leaderRecoveryState=RECOVERED, zkVersion=0) (state.change.logger)
[2022-07-20 16:46:45,850] INFO [Controller id=0 epoch=1] Changed partition __consumer_offsets-7 from NewPartition to OnlinePartition with state LeaderAndIsr(leader=0, leaderEpoch=0, isr=List(0), leaderRecoveryState=RECOVERED, zkVersion=0) (state.change.logger)
[2022-07-20 16:46:45,850] INFO [Controller id=0 epoch=1] Changed partition __consumer_offsets-9 from NewPartition to OnlinePartition with state LeaderAndIsr(leader=0, leaderEpoch=0, isr=List(0), leaderRecoveryState=RECOVERED, zkVersion=0) (state.change.logger)
[2022-07-20 16:46:45,851] INFO [Controller id=0 epoch=1] Changed partition __consumer_offsets-46 from NewPartition to OnlinePartition with state LeaderAndIsr(leader=0, leaderEpoch=0, isr=List(0), leaderRecoveryState=RECOVERED, zkVersion=0) (state.change.logger)
[2022-07-20 16:46:45,851] INFO [Controller id=0 epoch=1] Changed partition __consumer_offsets-25 from NewPartition to OnlinePartition with state LeaderAndIsr(leader=0, leaderEpoch=0, isr=List(0), leaderRecoveryState=RECOVERED, zkVersion=0) (state.change.logger)
[2022-07-20 16:46:45,851] INFO [Controller id=0 epoch=1] Changed partition __consumer_offsets-35 from NewPartition to OnlinePartition with state LeaderAndIsr(leader=0, leaderEpoch=0, isr=List(0), leaderRecoveryState=RECOVERED, zkVersion=0) (state.change.logger)
[2022-07-20 16:46:45,851] INFO [Controller id=0 epoch=1] Changed partition __consumer_offsets-41 from NewPartition to OnlinePartition with state LeaderAndIsr(leader=0, leaderEpoch=0, isr=List(0), leaderRecoveryState=RECOVERED, zkVersion=0) (state.change.logger)
[2022-07-20 16:46:45,851] INFO [Controller id=0 epoch=1] Changed partition __consumer_offsets-33 from NewPartition to OnlinePartition with state LeaderAndIsr(leader=0, leaderEpoch=0, isr=List(0), leaderRecoveryState=RECOVERED, zkVersion=0) (state.change.logger)
[2022-07-20 16:46:45,851] INFO [Controller id=0 epoch=1] Changed partition __consumer_offsets-23 from NewPartition to OnlinePartition with state LeaderAndIsr(leader=0, leaderEpoch=0, isr=List(0), leaderRecoveryState=RECOVERED, zkVersion=0) (state.change.logger)
[2022-07-20 16:46:45,851] INFO [Controller id=0 epoch=1] Changed partition __consumer_offsets-49 from NewPartition to OnlinePartition with state LeaderAndIsr(leader=0, leaderEpoch=0, isr=List(0), leaderRecoveryState=RECOVERED, zkVersion=0) (state.change.logger)
[2022-07-20 16:46:45,851] INFO [Controller id=0 epoch=1] Changed partition __consumer_offsets-47 from NewPartition to OnlinePartition with state LeaderAndIsr(leader=0, leaderEpoch=0, isr=List(0), leaderRecoveryState=RECOVERED, zkVersion=0) (state.change.logger)
[2022-07-20 16:46:45,851] INFO [Controller id=0 epoch=1] Changed partition __consumer_offsets-16 from NewPartition to OnlinePartition with state LeaderAndIsr(leader=0, leaderEpoch=0, isr=List(0), leaderRecoveryState=RECOVERED, zkVersion=0) (state.change.logger)
[2022-07-20 16:46:45,851] INFO [Controller id=0 epoch=1] Changed partition __consumer_offsets-28 from NewPartition to OnlinePartition with state LeaderAndIsr(leader=0, leaderEpoch=0, isr=List(0), leaderRecoveryState=RECOVERED, zkVersion=0) (state.change.logger)
[2022-07-20 16:46:45,851] INFO [Controller id=0 epoch=1] Changed partition __consumer_offsets-31 from NewPartition to OnlinePartition with state LeaderAndIsr(leader=0, leaderEpoch=0, isr=List(0), leaderRecoveryState=RECOVERED, zkVersion=0) (state.change.logger)
[2022-07-20 16:46:45,852] INFO [Controller id=0 epoch=1] Changed partition __consumer_offsets-36 from NewPartition to OnlinePartition with state LeaderAndIsr(leader=0, leaderEpoch=0, isr=List(0), leaderRecoveryState=RECOVERED, zkVersion=0) (state.change.logger)
[2022-07-20 16:46:45,852] INFO [Controller id=0 epoch=1] Changed partition __consumer_offsets-42 from NewPartition to OnlinePartition with state LeaderAndIsr(leader=0, leaderEpoch=0, isr=List(0), leaderRecoveryState=RECOVERED, zkVersion=0) (state.change.logger)
[2022-07-20 16:46:45,852] INFO [Controller id=0 epoch=1] Changed partition __consumer_offsets-3 from NewPartition to OnlinePartition with state LeaderAndIsr(leader=0, leaderEpoch=0, isr=List(0), leaderRecoveryState=RECOVERED, zkVersion=0) (state.change.logger)
[2022-07-20 16:46:45,852] INFO [Controller id=0 epoch=1] Changed partition __consumer_offsets-18 from NewPartition to OnlinePartition with state LeaderAndIsr(leader=0, leaderEpoch=0, isr=List(0), leaderRecoveryState=RECOVERED, zkVersion=0) (state.change.logger)
[2022-07-20 16:46:45,852] INFO [Controller id=0 epoch=1] Changed partition __consumer_offsets-37 from NewPartition to OnlinePartition with state LeaderAndIsr(leader=0, leaderEpoch=0, isr=List(0), leaderRecoveryState=RECOVERED, zkVersion=0) (state.change.logger)
[2022-07-20 16:46:45,852] INFO [Controller id=0 epoch=1] Changed partition __consumer_offsets-15 from NewPartition to OnlinePartition with state LeaderAndIsr(leader=0, leaderEpoch=0, isr=List(0), leaderRecoveryState=RECOVERED, zkVersion=0) (state.change.logger)
[2022-07-20 16:46:45,853] INFO [Controller id=0 epoch=1] Changed partition __consumer_offsets-24 from NewPartition to OnlinePartition with state LeaderAndIsr(leader=0, leaderEpoch=0, isr=List(0), leaderRecoveryState=RECOVERED, zkVersion=0) (state.change.logger)
[2022-07-20 16:46:45,853] INFO [Controller id=0 epoch=1] Changed partition __consumer_offsets-38 from NewPartition to OnlinePartition with state LeaderAndIsr(leader=0, leaderEpoch=0, isr=List(0), leaderRecoveryState=RECOVERED, zkVersion=0) (state.change.logger)
[2022-07-20 16:46:45,853] INFO [Controller id=0 epoch=1] Changed partition __consumer_offsets-17 from NewPartition to OnlinePartition with state LeaderAndIsr(leader=0, leaderEpoch=0, isr=List(0), leaderRecoveryState=RECOVERED, zkVersion=0) (state.change.logger)
[2022-07-20 16:46:45,853] INFO [Controller id=0 epoch=1] Changed partition __consumer_offsets-48 from NewPartition to OnlinePartition with state LeaderAndIsr(leader=0, leaderEpoch=0, isr=List(0), leaderRecoveryState=RECOVERED, zkVersion=0) (state.change.logger)
[2022-07-20 16:46:45,853] INFO [Controller id=0 epoch=1] Changed partition __consumer_offsets-19 from NewPartition to OnlinePartition with state LeaderAndIsr(leader=0, leaderEpoch=0, isr=List(0), leaderRecoveryState=RECOVERED, zkVersion=0) (state.change.logger)
[2022-07-20 16:46:45,853] INFO [Controller id=0 epoch=1] Changed partition __consumer_offsets-11 from NewPartition to OnlinePartition with state LeaderAndIsr(leader=0, leaderEpoch=0, isr=List(0), leaderRecoveryState=RECOVERED, zkVersion=0) (state.change.logger)
[2022-07-20 16:46:45,854] INFO [Controller id=0 epoch=1] Changed partition __consumer_offsets-13 from NewPartition to OnlinePartition with state LeaderAndIsr(leader=0, leaderEpoch=0, isr=List(0), leaderRecoveryState=RECOVERED, zkVersion=0) (state.change.logger)
[2022-07-20 16:46:45,854] INFO [Controller id=0 epoch=1] Changed partition __consumer_offsets-2 from NewPartition to OnlinePartition with state LeaderAndIsr(leader=0, leaderEpoch=0, isr=List(0), leaderRecoveryState=RECOVERED, zkVersion=0) (state.change.logger)
[2022-07-20 16:46:45,854] INFO [Controller id=0 epoch=1] Changed partition __consumer_offsets-43 from NewPartition to OnlinePartition with state LeaderAndIsr(leader=0, leaderEpoch=0, isr=List(0), leaderRecoveryState=RECOVERED, zkVersion=0) (state.change.logger)
[2022-07-20 16:46:45,854] INFO [Controller id=0 epoch=1] Changed partition __consumer_offsets-6 from NewPartition to OnlinePartition with state LeaderAndIsr(leader=0, leaderEpoch=0, isr=List(0), leaderRecoveryState=RECOVERED, zkVersion=0) (state.change.logger)
[2022-07-20 16:46:45,854] INFO [Controller id=0 epoch=1] Changed partition __consumer_offsets-14 from NewPartition to OnlinePartition with state LeaderAndIsr(leader=0, leaderEpoch=0, isr=List(0), leaderRecoveryState=RECOVERED, zkVersion=0) (state.change.logger)
[2022-07-20 16:46:45,854] INFO [Controller id=0 epoch=1] Changed partition __consumer_offsets-20 from NewPartition to OnlinePartition with state LeaderAndIsr(leader=0, leaderEpoch=0, isr=List(0), leaderRecoveryState=RECOVERED, zkVersion=0) (state.change.logger)
[2022-07-20 16:46:45,854] INFO [Controller id=0 epoch=1] Changed partition __consumer_offsets-0 from NewPartition to OnlinePartition with state LeaderAndIsr(leader=0, leaderEpoch=0, isr=List(0), leaderRecoveryState=RECOVERED, zkVersion=0) (state.change.logger)
[2022-07-20 16:46:45,854] INFO [Controller id=0 epoch=1] Changed partition __consumer_offsets-44 from NewPartition to OnlinePartition with state LeaderAndIsr(leader=0, leaderEpoch=0, isr=List(0), leaderRecoveryState=RECOVERED, zkVersion=0) (state.change.logger)
[2022-07-20 16:46:45,854] INFO [Controller id=0 epoch=1] Changed partition __consumer_offsets-39 from NewPartition to OnlinePartition with state LeaderAndIsr(leader=0, leaderEpoch=0, isr=List(0), leaderRecoveryState=RECOVERED, zkVersion=0) (state.change.logger)
[2022-07-20 16:46:45,854] INFO [Controller id=0 epoch=1] Changed partition __consumer_offsets-12 from NewPartition to OnlinePartition with state LeaderAndIsr(leader=0, leaderEpoch=0, isr=List(0), leaderRecoveryState=RECOVERED, zkVersion=0) (state.change.logger)
[2022-07-20 16:46:45,854] INFO [Controller id=0 epoch=1] Changed partition __consumer_offsets-45 from NewPartition to OnlinePartition with state LeaderAndIsr(leader=0, leaderEpoch=0, isr=List(0), leaderRecoveryState=RECOVERED, zkVersion=0) (state.change.logger)
[2022-07-20 16:46:45,854] INFO [Controller id=0 epoch=1] Changed partition __consumer_offsets-1 from NewPartition to OnlinePartition with state LeaderAndIsr(leader=0, leaderEpoch=0, isr=List(0), leaderRecoveryState=RECOVERED, zkVersion=0) (state.change.logger)
[2022-07-20 16:46:45,855] INFO [Controller id=0 epoch=1] Changed partition __consumer_offsets-5 from NewPartition to OnlinePartition with state LeaderAndIsr(leader=0, leaderEpoch=0, isr=List(0), leaderRecoveryState=RECOVERED, zkVersion=0) (state.change.logger)
[2022-07-20 16:46:45,855] INFO [Controller id=0 epoch=1] Changed partition __consumer_offsets-26 from NewPartition to OnlinePartition with state LeaderAndIsr(leader=0, leaderEpoch=0, isr=List(0), leaderRecoveryState=RECOVERED, zkVersion=0) (state.change.logger)
[2022-07-20 16:46:45,855] INFO [Controller id=0 epoch=1] Changed partition __consumer_offsets-29 from NewPartition to OnlinePartition with state LeaderAndIsr(leader=0, leaderEpoch=0, isr=List(0), leaderRecoveryState=RECOVERED, zkVersion=0) (state.change.logger)
[2022-07-20 16:46:45,855] INFO [Controller id=0 epoch=1] Changed partition __consumer_offsets-34 from NewPartition to OnlinePartition with state LeaderAndIsr(leader=0, leaderEpoch=0, isr=List(0), leaderRecoveryState=RECOVERED, zkVersion=0) (state.change.logger)
[2022-07-20 16:46:45,855] INFO [Controller id=0 epoch=1] Changed partition __consumer_offsets-10 from NewPartition to OnlinePartition with state LeaderAndIsr(leader=0, leaderEpoch=0, isr=List(0), leaderRecoveryState=RECOVERED, zkVersion=0) (state.change.logger)
[2022-07-20 16:46:45,856] INFO [Controller id=0 epoch=1] Changed partition __consumer_offsets-32 from NewPartition to OnlinePartition with state LeaderAndIsr(leader=0, leaderEpoch=0, isr=List(0), leaderRecoveryState=RECOVERED, zkVersion=0) (state.change.logger)
[2022-07-20 16:46:45,856] INFO [Controller id=0 epoch=1] Changed partition __consumer_offsets-40 from NewPartition to OnlinePartition with state LeaderAndIsr(leader=0, leaderEpoch=0, isr=List(0), leaderRecoveryState=RECOVERED, zkVersion=0) (state.change.logger)
[2022-07-20 16:46:45,857] INFO [Controller id=0 epoch=1] Sending LeaderAndIsr request to broker 0 with 50 become-leader and 0 become-follower partitions (state.change.logger)
[2022-07-20 16:46:45,857] INFO [Controller id=0 epoch=1] Sending UpdateMetadata request to brokers Set(0) for 50 partitions (state.change.logger)
[2022-07-20 16:46:45,861] INFO [Controller id=0 epoch=1] Sending UpdateMetadata request to brokers Set() for 0 partitions (state.change.logger)
[2022-07-20 16:46:46,390] INFO [Broker id=0] Leader kafkaUserTopic-0 starts at leader epoch 0 from offset 0 with high watermark 0 ISR [0] addingReplicas [] removingReplicas []. Previous leader epoch was -1. (state.change.logger)
[2022-07-20 16:46:46,485] INFO [Broker id=0] Finished LeaderAndIsr request in 1046ms correlationId 1 from controller 0 for 1 partitions (state.change.logger)
[2022-07-20 16:46:46,500] INFO [Broker id=0] Add 1 partitions and deleted 0 partitions from metadata cache in response to UpdateMetadata request sent by controller 0 epoch 1 with correlation id 2 (state.change.logger)
[2022-07-20 16:46:46,507] INFO [Broker id=0] Handling LeaderAndIsr request correlationId 3 from controller 0 for 50 partitions (state.change.logger)
[2022-07-20 16:46:46,601] INFO [Broker id=0] Stopped fetchers as part of LeaderAndIsr request correlationId 3 from controller 0 epoch 1 as part of the become-leader transition for 50 partitions (state.change.logger)
[2022-07-20 16:46:46,629] INFO [Broker id=0] Leader __consumer_offsets-0 starts at leader epoch 0 from offset 0 with high watermark 0 ISR [0] addingReplicas [] removingReplicas []. Previous leader epoch was -1. (state.change.logger)
[2022-07-20 16:46:46,650] INFO [Broker id=0] Leader __consumer_offsets-29 starts at leader epoch 0 from offset 0 with high watermark 0 ISR [0] addingReplicas [] removingReplicas []. Previous leader epoch was -1. (state.change.logger)
[2022-07-20 16:46:46,677] INFO [Broker id=0] Leader __consumer_offsets-48 starts at leader epoch 0 from offset 0 with high watermark 0 ISR [0] addingReplicas [] removingReplicas []. Previous leader epoch was -1. (state.change.logger)
[2022-07-20 16:46:46,697] INFO [Broker id=0] Leader __consumer_offsets-10 starts at leader epoch 0 from offset 0 with high watermark 0 ISR [0] addingReplicas [] removingReplicas []. Previous leader epoch was -1. (state.change.logger)
[2022-07-20 16:46:46,718] INFO [Broker id=0] Leader __consumer_offsets-45 starts at leader epoch 0 from offset 0 with high watermark 0 ISR [0] addingReplicas [] removingReplicas []. Previous leader epoch was -1. (state.change.logger)
[2022-07-20 16:46:46,737] INFO [Broker id=0] Leader __consumer_offsets-26 starts at leader epoch 0 from offset 0 with high watermark 0 ISR [0] addingReplicas [] removingReplicas []. Previous leader epoch was -1. (state.change.logger)
[2022-07-20 16:46:46,767] INFO [Broker id=0] Leader __consumer_offsets-7 starts at leader epoch 0 from offset 0 with high watermark 0 ISR [0] addingReplicas [] removingReplicas []. Previous leader epoch was -1. (state.change.logger)
[2022-07-20 16:46:46,816] INFO [Broker id=0] Leader __consumer_offsets-42 starts at leader epoch 0 from offset 0 with high watermark 0 ISR [0] addingReplicas [] removingReplicas []. Previous leader epoch was -1. (state.change.logger)
[2022-07-20 16:46:46,876] INFO [Broker id=0] Leader __consumer_offsets-4 starts at leader epoch 0 from offset 0 with high watermark 0 ISR [0] addingReplicas [] removingReplicas []. Previous leader epoch was -1. (state.change.logger)
[2022-07-20 16:46:46,929] INFO [Broker id=0] Leader __consumer_offsets-23 starts at leader epoch 0 from offset 0 with high watermark 0 ISR [0] addingReplicas [] removingReplicas []. Previous leader epoch was -1. (state.change.logger)
[2022-07-20 16:46:47,011] INFO [Broker id=0] Leader __consumer_offsets-1 starts at leader epoch 0 from offset 0 with high watermark 0 ISR [0] addingReplicas [] removingReplicas []. Previous leader epoch was -1. (state.change.logger)
[2022-07-20 16:46:47,030] INFO [Broker id=0] Leader __consumer_offsets-20 starts at leader epoch 0 from offset 0 with high watermark 0 ISR [0] addingReplicas [] removingReplicas []. Previous leader epoch was -1. (state.change.logger)
[2022-07-20 16:46:47,055] INFO [Broker id=0] Leader __consumer_offsets-39 starts at leader epoch 0 from offset 0 with high watermark 0 ISR [0] addingReplicas [] removingReplicas []. Previous leader epoch was -1. (state.change.logger)
[2022-07-20 16:46:47,071] INFO [Broker id=0] Leader __consumer_offsets-17 starts at leader epoch 0 from offset 0 with high watermark 0 ISR [0] addingReplicas [] removingReplicas []. Previous leader epoch was -1. (state.change.logger)
[2022-07-20 16:46:47,093] INFO [Broker id=0] Leader __consumer_offsets-36 starts at leader epoch 0 from offset 0 with high watermark 0 ISR [0] addingReplicas [] removingReplicas []. Previous leader epoch was -1. (state.change.logger)
[2022-07-20 16:46:47,116] INFO [Broker id=0] Leader __consumer_offsets-14 starts at leader epoch 0 from offset 0 with high watermark 0 ISR [0] addingReplicas [] removingReplicas []. Previous leader epoch was -1. (state.change.logger)
[2022-07-20 16:46:47,139] INFO [Broker id=0] Leader __consumer_offsets-33 starts at leader epoch 0 from offset 0 with high watermark 0 ISR [0] addingReplicas [] removingReplicas []. Previous leader epoch was -1. (state.change.logger)
[2022-07-20 16:46:47,157] INFO [Broker id=0] Leader __consumer_offsets-49 starts at leader epoch 0 from offset 0 with high watermark 0 ISR [0] addingReplicas [] removingReplicas []. Previous leader epoch was -1. (state.change.logger)
[2022-07-20 16:46:47,180] INFO [Broker id=0] Leader __consumer_offsets-11 starts at leader epoch 0 from offset 0 with high watermark 0 ISR [0] addingReplicas [] removingReplicas []. Previous leader epoch was -1. (state.change.logger)
[2022-07-20 16:46:47,200] INFO [Broker id=0] Leader __consumer_offsets-30 starts at leader epoch 0 from offset 0 with high watermark 0 ISR [0] addingReplicas [] removingReplicas []. Previous leader epoch was -1. (state.change.logger)
[2022-07-20 16:46:47,219] INFO [Broker id=0] Leader __consumer_offsets-46 starts at leader epoch 0 from offset 0 with high watermark 0 ISR [0] addingReplicas [] removingReplicas []. Previous leader epoch was -1. (state.change.logger)
[2022-07-20 16:46:47,238] INFO [Broker id=0] Leader __consumer_offsets-27 starts at leader epoch 0 from offset 0 with high watermark 0 ISR [0] addingReplicas [] removingReplicas []. Previous leader epoch was -1. (state.change.logger)
[2022-07-20 16:46:47,261] INFO [Broker id=0] Leader __consumer_offsets-8 starts at leader epoch 0 from offset 0 with high watermark 0 ISR [0] addingReplicas [] removingReplicas []. Previous leader epoch was -1. (state.change.logger)
[2022-07-20 16:46:47,282] INFO [Broker id=0] Leader __consumer_offsets-24 starts at leader epoch 0 from offset 0 with high watermark 0 ISR [0] addingReplicas [] removingReplicas []. Previous leader epoch was -1. (state.change.logger)
[2022-07-20 16:46:47,301] INFO [Broker id=0] Leader __consumer_offsets-43 starts at leader epoch 0 from offset 0 with high watermark 0 ISR [0] addingReplicas [] removingReplicas []. Previous leader epoch was -1. (state.change.logger)
[2022-07-20 16:46:47,320] INFO [Broker id=0] Leader __consumer_offsets-5 starts at leader epoch 0 from offset 0 with high watermark 0 ISR [0] addingReplicas [] removingReplicas []. Previous leader epoch was -1. (state.change.logger)
[2022-07-20 16:46:47,340] INFO [Broker id=0] Leader __consumer_offsets-21 starts at leader epoch 0 from offset 0 with high watermark 0 ISR [0] addingReplicas [] removingReplicas []. Previous leader epoch was -1. (state.change.logger)
[2022-07-20 16:46:47,358] INFO [Broker id=0] Leader __consumer_offsets-40 starts at leader epoch 0 from offset 0 with high watermark 0 ISR [0] addingReplicas [] removingReplicas []. Previous leader epoch was -1. (state.change.logger)
[2022-07-20 16:46:47,382] INFO [Broker id=0] Leader __consumer_offsets-2 starts at leader epoch 0 from offset 0 with high watermark 0 ISR [0] addingReplicas [] removingReplicas []. Previous leader epoch was -1. (state.change.logger)
[2022-07-20 16:46:47,401] INFO [Broker id=0] Leader __consumer_offsets-37 starts at leader epoch 0 from offset 0 with high watermark 0 ISR [0] addingReplicas [] removingReplicas []. Previous leader epoch was -1. (state.change.logger)
[2022-07-20 16:46:47,419] INFO [Broker id=0] Leader __consumer_offsets-18 starts at leader epoch 0 from offset 0 with high watermark 0 ISR [0] addingReplicas [] removingReplicas []. Previous leader epoch was -1. (state.change.logger)
[2022-07-20 16:46:47,435] INFO [Broker id=0] Leader __consumer_offsets-34 starts at leader epoch 0 from offset 0 with high watermark 0 ISR [0] addingReplicas [] removingReplicas []. Previous leader epoch was -1. (state.change.logger)
[2022-07-20 16:46:47,454] INFO [Broker id=0] Leader __consumer_offsets-15 starts at leader epoch 0 from offset 0 with high watermark 0 ISR [0] addingReplicas [] removingReplicas []. Previous leader epoch was -1. (state.change.logger)
[2022-07-20 16:46:47,471] INFO [Broker id=0] Leader __consumer_offsets-12 starts at leader epoch 0 from offset 0 with high watermark 0 ISR [0] addingReplicas [] removingReplicas []. Previous leader epoch was -1. (state.change.logger)
[2022-07-20 16:46:47,490] INFO [Broker id=0] Leader __consumer_offsets-31 starts at leader epoch 0 from offset 0 with high watermark 0 ISR [0] addingReplicas [] removingReplicas []. Previous leader epoch was -1. (state.change.logger)
[2022-07-20 16:46:47,512] INFO [Broker id=0] Leader __consumer_offsets-9 starts at leader epoch 0 from offset 0 with high watermark 0 ISR [0] addingReplicas [] removingReplicas []. Previous leader epoch was -1. (state.change.logger)
[2022-07-20 16:46:47,529] INFO [Broker id=0] Leader __consumer_offsets-47 starts at leader epoch 0 from offset 0 with high watermark 0 ISR [0] addingReplicas [] removingReplicas []. Previous leader epoch was -1. (state.change.logger)
[2022-07-20 16:46:47,547] INFO [Broker id=0] Leader __consumer_offsets-19 starts at leader epoch 0 from offset 0 with high watermark 0 ISR [0] addingReplicas [] removingReplicas []. Previous leader epoch was -1. (state.change.logger)
[2022-07-20 16:46:47,563] INFO [Broker id=0] Leader __consumer_offsets-28 starts at leader epoch 0 from offset 0 with high watermark 0 ISR [0] addingReplicas [] removingReplicas []. Previous leader epoch was -1. (state.change.logger)
[2022-07-20 16:46:47,580] INFO [Broker id=0] Leader __consumer_offsets-38 starts at leader epoch 0 from offset 0 with high watermark 0 ISR [0] addingReplicas [] removingReplicas []. Previous leader epoch was -1. (state.change.logger)
[2022-07-20 16:46:47,595] INFO [Broker id=0] Leader __consumer_offsets-35 starts at leader epoch 0 from offset 0 with high watermark 0 ISR [0] addingReplicas [] removingReplicas []. Previous leader epoch was -1. (state.change.logger)
[2022-07-20 16:46:47,615] INFO [Broker id=0] Leader __consumer_offsets-6 starts at leader epoch 0 from offset 0 with high watermark 0 ISR [0] addingReplicas [] removingReplicas []. Previous leader epoch was -1. (state.change.logger)
[2022-07-20 16:46:47,639] INFO [Broker id=0] Leader __consumer_offsets-44 starts at leader epoch 0 from offset 0 with high watermark 0 ISR [0] addingReplicas [] removingReplicas []. Previous leader epoch was -1. (state.change.logger)
[2022-07-20 16:46:47,656] INFO [Broker id=0] Leader __consumer_offsets-25 starts at leader epoch 0 from offset 0 with high watermark 0 ISR [0] addingReplicas [] removingReplicas []. Previous leader epoch was -1. (state.change.logger)
[2022-07-20 16:46:47,674] INFO [Broker id=0] Leader __consumer_offsets-16 starts at leader epoch 0 from offset 0 with high watermark 0 ISR [0] addingReplicas [] removingReplicas []. Previous leader epoch was -1. (state.change.logger)
[2022-07-20 16:46:47,695] INFO [Broker id=0] Leader __consumer_offsets-22 starts at leader epoch 0 from offset 0 with high watermark 0 ISR [0] addingReplicas [] removingReplicas []. Previous leader epoch was -1. (state.change.logger)
[2022-07-20 16:46:47,721] INFO [Broker id=0] Leader __consumer_offsets-41 starts at leader epoch 0 from offset 0 with high watermark 0 ISR [0] addingReplicas [] removingReplicas []. Previous leader epoch was -1. (state.change.logger)
[2022-07-20 16:46:47,739] INFO [Broker id=0] Leader __consumer_offsets-32 starts at leader epoch 0 from offset 0 with high watermark 0 ISR [0] addingReplicas [] removingReplicas []. Previous leader epoch was -1. (state.change.logger)
[2022-07-20 16:46:47,762] INFO [Broker id=0] Leader __consumer_offsets-3 starts at leader epoch 0 from offset 0 with high watermark 0 ISR [0] addingReplicas [] removingReplicas []. Previous leader epoch was -1. (state.change.logger)
[2022-07-20 16:46:47,784] INFO [Broker id=0] Leader __consumer_offsets-13 starts at leader epoch 0 from offset 0 with high watermark 0 ISR [0] addingReplicas [] removingReplicas []. Previous leader epoch was -1. (state.change.logger)
[2022-07-20 16:46:47,953] INFO [Broker id=0] Finished LeaderAndIsr request in 1447ms correlationId 3 from controller 0 for 50 partitions (state.change.logger)
[2022-07-20 16:46:47,957] INFO [Broker id=0] Add 50 partitions and deleted 0 partitions from metadata cache in response to UpdateMetadata request sent by controller 0 epoch 1 with correlation id 4 (state.change.logger)
[2022-07-20 18:50:32,202] INFO [Controller id=0 epoch=1] Changed partition tutorialspedia-0 state from NonExistentPartition to NewPartition with assigned replicas 0 (state.change.logger)
[2022-07-20 18:50:32,207] INFO [Controller id=0 epoch=1] Sending UpdateMetadata request to brokers Set() for 0 partitions (state.change.logger)
[2022-07-20 18:50:32,209] INFO [Controller id=0 epoch=1] Sending UpdateMetadata request to brokers Set() for 0 partitions (state.change.logger)
[2022-07-20 18:50:32,238] INFO [Controller id=0 epoch=1] Changed partition tutorialspedia-0 from NewPartition to OnlinePartition with state LeaderAndIsr(leader=0, leaderEpoch=0, isr=List(0), leaderRecoveryState=RECOVERED, zkVersion=0) (state.change.logger)
[2022-07-20 18:50:32,238] INFO [Controller id=0 epoch=1] Sending LeaderAndIsr request to broker 0 with 1 become-leader and 0 become-follower partitions (state.change.logger)
[2022-07-20 18:50:32,240] INFO [Controller id=0 epoch=1] Sending UpdateMetadata request to brokers Set(0) for 1 partitions (state.change.logger)
[2022-07-20 18:50:32,240] INFO [Controller id=0 epoch=1] Sending UpdateMetadata request to brokers Set() for 0 partitions (state.change.logger)
[2022-07-20 18:50:32,246] INFO [Broker id=0] Handling LeaderAndIsr request correlationId 5 from controller 0 for 1 partitions (state.change.logger)
[2022-07-20 18:50:32,251] INFO [Broker id=0] Stopped fetchers as part of LeaderAndIsr request correlationId 5 from controller 0 epoch 1 as part of the become-leader transition for 1 partitions (state.change.logger)
[2022-07-20 18:50:32,287] INFO [Broker id=0] Leader tutorialspedia-0 starts at leader epoch 0 from offset 0 with high watermark 0 ISR [0] addingReplicas [] removingReplicas []. Previous leader epoch was -1. (state.change.logger)
[2022-07-20 18:50:32,294] INFO [Broker id=0] Finished LeaderAndIsr request in 48ms correlationId 5 from controller 0 for 1 partitions (state.change.logger)
[2022-07-20 18:50:32,298] INFO [Broker id=0] Add 1 partitions and deleted 0 partitions from metadata cache in response to UpdateMetadata request sent by controller 0 epoch 1 with correlation id 6 (state.change.logger)
[2022-07-20 18:51:25,382] INFO [Controller id=0 epoch=2] Sending UpdateMetadata request to brokers Set(0) for 0 partitions (state.change.logger)
[2022-07-20 18:51:25,392] INFO [Controller id=0 epoch=2] Sending LeaderAndIsr request to broker 0 with 52 become-leader and 0 become-follower partitions (state.change.logger)
[2022-07-20 18:51:25,393] INFO [Controller id=0 epoch=2] Sending UpdateMetadata request to brokers Set(0) for 52 partitions (state.change.logger)
[2022-07-20 18:51:25,394] INFO [Broker id=0] Handling LeaderAndIsr request correlationId 1 from controller 0 for 52 partitions (state.change.logger)
[2022-07-20 18:51:25,397] INFO [Broker id=0] Ignoring LeaderAndIsr request from controller 0 with correlation id 1 epoch 2 for partition kafkaUserTopic-0 since its associated leader epoch 0 matches the current leader epoch (state.change.logger)
[2022-07-20 18:51:25,397] INFO [Broker id=0] Ignoring LeaderAndIsr request from controller 0 with correlation id 1 epoch 2 for partition tutorialspedia-0 since its associated leader epoch 0 matches the current leader epoch (state.change.logger)
[2022-07-20 18:51:25,397] INFO [Broker id=0] Ignoring LeaderAndIsr request from controller 0 with correlation id 1 epoch 2 for partition __consumer_offsets-49 since its associated leader epoch 0 matches the current leader epoch (state.change.logger)
[2022-07-20 18:51:25,397] INFO [Broker id=0] Ignoring LeaderAndIsr request from controller 0 with correlation id 1 epoch 2 for partition __consumer_offsets-38 since its associated leader epoch 0 matches the current leader epoch (state.change.logger)
[2022-07-20 18:51:25,397] INFO [Broker id=0] Ignoring LeaderAndIsr request from controller 0 with correlation id 1 epoch 2 for partition __consumer_offsets-27 since its associated leader epoch 0 matches the current leader epoch (state.change.logger)
[2022-07-20 18:51:25,397] INFO [Broker id=0] Ignoring LeaderAndIsr request from controller 0 with correlation id 1 epoch 2 for partition __consumer_offsets-16 since its associated leader epoch 0 matches the current leader epoch (state.change.logger)
[2022-07-20 18:51:25,397] INFO [Broker id=0] Ignoring LeaderAndIsr request from controller 0 with correlation id 1 epoch 2 for partition __consumer_offsets-19 since its associated leader epoch 0 matches the current leader epoch (state.change.logger)
[2022-07-20 18:51:25,397] INFO [Broker id=0] Ignoring LeaderAndIsr request from controller 0 with correlation id 1 epoch 2 for partition __consumer_offsets-8 since its associated leader epoch 0 matches the current leader epoch (state.change.logger)
[2022-07-20 18:51:25,397] INFO [Broker id=0] Ignoring LeaderAndIsr request from controller 0 with correlation id 1 epoch 2 for partition __consumer_offsets-13 since its associated leader epoch 0 matches the current leader epoch (state.change.logger)
[2022-07-20 18:51:25,397] INFO [Broker id=0] Ignoring LeaderAndIsr request from controller 0 with correlation id 1 epoch 2 for partition __consumer_offsets-2 since its associated leader epoch 0 matches the current leader epoch (state.change.logger)
[2022-07-20 18:51:25,397] INFO [Broker id=0] Ignoring LeaderAndIsr request from controller 0 with correlation id 1 epoch 2 for partition __consumer_offsets-46 since its associated leader epoch 0 matches the current leader epoch (state.change.logger)
[2022-07-20 18:51:25,397] INFO [Broker id=0] Ignoring LeaderAndIsr request from controller 0 with correlation id 1 epoch 2 for partition __consumer_offsets-35 since its associated leader epoch 0 matches the current leader epoch (state.change.logger)
[2022-07-20 18:51:25,397] INFO [Broker id=0] Ignoring LeaderAndIsr request from controller 0 with correlation id 1 epoch 2 for partition __consumer_offsets-24 since its associated leader epoch 0 matches the current leader epoch (state.change.logger)
[2022-07-20 18:51:25,397] INFO [Broker id=0] Ignoring LeaderAndIsr request from controller 0 with correlation id 1 epoch 2 for partition __consumer_offsets-5 since its associated leader epoch 0 matches the current leader epoch (state.change.logger)
[2022-07-20 18:51:25,397] INFO [Broker id=0] Ignoring LeaderAndIsr request from controller 0 with correlation id 1 epoch 2 for partition __consumer_offsets-43 since its associated leader epoch 0 matches the current leader epoch (state.change.logger)
[2022-07-20 18:51:25,397] INFO [Broker id=0] Ignoring LeaderAndIsr request from controller 0 with correlation id 1 epoch 2 for partition __consumer_offsets-32 since its associated leader epoch 0 matches the current leader epoch (state.change.logger)
[2022-07-20 18:51:25,397] INFO [Broker id=0] Ignoring LeaderAndIsr request from controller 0 with correlation id 1 epoch 2 for partition __consumer_offsets-21 since its associated leader epoch 0 matches the current leader epoch (state.change.logger)
[2022-07-20 18:51:25,397] INFO [Broker id=0] Ignoring LeaderAndIsr request from controller 0 with correlation id 1 epoch 2 for partition __consumer_offsets-10 since its associated leader epoch 0 matches the current leader epoch (state.change.logger)
[2022-07-20 18:51:25,397] INFO [Broker id=0] Ignoring LeaderAndIsr request from controller 0 with correlation id 1 epoch 2 for partition __consumer_offsets-37 since its associated leader epoch 0 matches the current leader epoch (state.change.logger)
[2022-07-20 18:51:25,397] INFO [Broker id=0] Ignoring LeaderAndIsr request from controller 0 with correlation id 1 epoch 2 for partition __consumer_offsets-48 since its associated leader epoch 0 matches the current leader epoch (state.change.logger)
[2022-07-20 18:51:25,397] INFO [Broker id=0] Ignoring LeaderAndIsr request from controller 0 with correlation id 1 epoch 2 for partition __consumer_offsets-40 since its associated leader epoch 0 matches the current leader epoch (state.change.logger)
[2022-07-20 18:51:25,397] INFO [Broker id=0] Ignoring LeaderAndIsr request from controller 0 with correlation id 1 epoch 2 for partition __consumer_offsets-29 since its associated leader epoch 0 matches the current leader epoch (state.change.logger)
[2022-07-20 18:51:25,397] INFO [Broker id=0] Ignoring LeaderAndIsr request from controller 0 with correlation id 1 epoch 2 for partition __consumer_offsets-18 since its associated leader epoch 0 matches the current leader epoch (state.change.logger)
[2022-07-20 18:51:25,397] INFO [Broker id=0] Ignoring LeaderAndIsr request from controller 0 with correlation id 1 epoch 2 for partition __consumer_offsets-7 since its associated leader epoch 0 matches the current leader epoch (state.change.logger)
[2022-07-20 18:51:25,397] INFO [Broker id=0] Ignoring LeaderAndIsr request from controller 0 with correlation id 1 epoch 2 for partition __consumer_offsets-23 since its associated leader epoch 0 matches the current leader epoch (state.change.logger)
[2022-07-20 18:51:25,397] INFO [Broker id=0] Ignoring LeaderAndIsr request from controller 0 with correlation id 1 epoch 2 for partition __consumer_offsets-34 since its associated leader epoch 0 matches the current leader epoch (state.change.logger)
[2022-07-20 18:51:25,397] INFO [Broker id=0] Ignoring LeaderAndIsr request from controller 0 with correlation id 1 epoch 2 for partition __consumer_offsets-45 since its associated leader epoch 0 matches the current leader epoch (state.change.logger)
[2022-07-20 18:51:25,397] INFO [Broker id=0] Ignoring LeaderAndIsr request from controller 0 with correlation id 1 epoch 2 for partition __consumer_offsets-26 since its associated leader epoch 0 matches the current leader epoch (state.change.logger)
[2022-07-20 18:51:25,397] INFO [Broker id=0] Ignoring LeaderAndIsr request from controller 0 with correlation id 1 epoch 2 for partition __consumer_offsets-4 since its associated leader epoch 0 matches the current leader epoch (state.change.logger)
[2022-07-20 18:51:25,397] INFO [Broker id=0] Ignoring LeaderAndIsr request from controller 0 with correlation id 1 epoch 2 for partition __consumer_offsets-15 since its associated leader epoch 0 matches the current leader epoch (state.change.logger)
[2022-07-20 18:51:25,398] INFO [Broker id=0] Ignoring LeaderAndIsr request from controller 0 with correlation id 1 epoch 2 for partition __consumer_offsets-42 since its associated leader epoch 0 matches the current leader epoch (state.change.logger)
[2022-07-20 18:51:25,398] INFO [Broker id=0] Ignoring LeaderAndIsr request from controller 0 with correlation id 1 epoch 2 for partition __consumer_offsets-20 since its associated leader epoch 0 matches the current leader epoch (state.change.logger)
[2022-07-20 18:51:25,398] INFO [Broker id=0] Ignoring LeaderAndIsr request from controller 0 with correlation id 1 epoch 2 for partition __consumer_offsets-31 since its associated leader epoch 0 matches the current leader epoch (state.change.logger)
[2022-07-20 18:51:25,398] INFO [Broker id=0] Ignoring LeaderAndIsr request from controller 0 with correlation id 1 epoch 2 for partition __consumer_offsets-9 since its associated leader epoch 0 matches the current leader epoch (state.change.logger)
[2022-07-20 18:51:25,398] INFO [Broker id=0] Ignoring LeaderAndIsr request from controller 0 with correlation id 1 epoch 2 for partition __consumer_offsets-1 since its associated leader epoch 0 matches the current leader epoch (state.change.logger)
[2022-07-20 18:51:25,398] INFO [Broker id=0] Ignoring LeaderAndIsr request from controller 0 with correlation id 1 epoch 2 for partition __consumer_offsets-12 since its associated leader epoch 0 matches the current leader epoch (state.change.logger)
[2022-07-20 18:51:25,398] INFO [Broker id=0] Ignoring LeaderAndIsr request from controller 0 with correlation id 1 epoch 2 for partition __consumer_offsets-28 since its associated leader epoch 0 matches the current leader epoch (state.change.logger)
[2022-07-20 18:51:25,398] INFO [Broker id=0] Ignoring LeaderAndIsr request from controller 0 with correlation id 1 epoch 2 for partition __consumer_offsets-17 since its associated leader epoch 0 matches the current leader epoch (state.change.logger)
[2022-07-20 18:51:25,398] INFO [Broker id=0] Ignoring LeaderAndIsr request from controller 0 with correlation id 1 epoch 2 for partition __consumer_offsets-6 since its associated leader epoch 0 matches the current leader epoch (state.change.logger)
[2022-07-20 18:51:25,398] INFO [Broker id=0] Ignoring LeaderAndIsr request from controller 0 with correlation id 1 epoch 2 for partition __consumer_offsets-39 since its associated leader epoch 0 matches the current leader epoch (state.change.logger)
[2022-07-20 18:51:25,398] INFO [Broker id=0] Ignoring LeaderAndIsr request from controller 0 with correlation id 1 epoch 2 for partition __consumer_offsets-44 since its associated leader epoch 0 matches the current leader epoch (state.change.logger)
[2022-07-20 18:51:25,398] INFO [Broker id=0] Ignoring LeaderAndIsr request from controller 0 with correlation id 1 epoch 2 for partition __consumer_offsets-47 since its associated leader epoch 0 matches the current leader epoch (state.change.logger)
[2022-07-20 18:51:25,398] INFO [Broker id=0] Ignoring LeaderAndIsr request from controller 0 with correlation id 1 epoch 2 for partition __consumer_offsets-36 since its associated leader epoch 0 matches the current leader epoch (state.change.logger)
[2022-07-20 18:51:25,398] INFO [Broker id=0] Ignoring LeaderAndIsr request from controller 0 with correlation id 1 epoch 2 for partition __consumer_offsets-14 since its associated leader epoch 0 matches the current leader epoch (state.change.logger)
[2022-07-20 18:51:25,398] INFO [Broker id=0] Ignoring LeaderAndIsr request from controller 0 with correlation id 1 epoch 2 for partition __consumer_offsets-25 since its associated leader epoch 0 matches the current leader epoch (state.change.logger)
[2022-07-20 18:51:25,398] INFO [Broker id=0] Ignoring LeaderAndIsr request from controller 0 with correlation id 1 epoch 2 for partition __consumer_offsets-3 since its associated leader epoch 0 matches the current leader epoch (state.change.logger)
[2022-07-20 18:51:25,398] INFO [Broker id=0] Ignoring LeaderAndIsr request from controller 0 with correlation id 1 epoch 2 for partition __consumer_offsets-41 since its associated leader epoch 0 matches the current leader epoch (state.change.logger)
[2022-07-20 18:51:25,398] INFO [Broker id=0] Ignoring LeaderAndIsr request from controller 0 with correlation id 1 epoch 2 for partition __consumer_offsets-30 since its associated leader epoch 0 matches the current leader epoch (state.change.logger)
[2022-07-20 18:51:25,398] INFO [Broker id=0] Ignoring LeaderAndIsr request from controller 0 with correlation id 1 epoch 2 for partition __consumer_offsets-22 since its associated leader epoch 0 matches the current leader epoch (state.change.logger)
[2022-07-20 18:51:25,398] INFO [Broker id=0] Ignoring LeaderAndIsr request from controller 0 with correlation id 1 epoch 2 for partition __consumer_offsets-11 since its associated leader epoch 0 matches the current leader epoch (state.change.logger)
[2022-07-20 18:51:25,398] INFO [Broker id=0] Ignoring LeaderAndIsr request from controller 0 with correlation id 1 epoch 2 for partition __consumer_offsets-33 since its associated leader epoch 0 matches the current leader epoch (state.change.logger)
[2022-07-20 18:51:25,398] INFO [Broker id=0] Ignoring LeaderAndIsr request from controller 0 with correlation id 1 epoch 2 for partition __consumer_offsets-0 since its associated leader epoch 0 matches the current leader epoch (state.change.logger)
[2022-07-20 18:51:25,399] INFO [Broker id=0] Finished LeaderAndIsr request in 5ms correlationId 1 from controller 0 for 52 partitions (state.change.logger)
[2022-07-20 18:51:25,402] INFO [Broker id=0] Add 52 partitions and deleted 0 partitions from metadata cache in response to UpdateMetadata request sent by controller 0 epoch 2 with correlation id 2 (state.change.logger)
[2022-07-20 18:52:05,637] INFO [Controller id=0 epoch=2] Sending UpdateMetadata request to brokers Set() for 0 partitions (state.change.logger)
[2022-07-20 18:53:56,559] INFO [Controller id=0 epoch=3] Sending UpdateMetadata request to brokers Set(0) for 0 partitions (state.change.logger)
[2022-07-20 18:53:56,609] INFO [Controller id=0 epoch=3] Sending LeaderAndIsr request to broker 0 with 52 become-leader and 0 become-follower partitions (state.change.logger)
[2022-07-20 18:53:56,614] INFO [Controller id=0 epoch=3] Sending UpdateMetadata request to brokers Set(0) for 52 partitions (state.change.logger)
[2022-07-20 18:53:56,712] INFO [Broker id=0] Handling LeaderAndIsr request correlationId 1 from controller 0 for 52 partitions (state.change.logger)
[2022-07-20 18:53:56,808] INFO [Broker id=0] Stopped fetchers as part of LeaderAndIsr request correlationId 1 from controller 0 epoch 3 as part of the become-leader transition for 52 partitions (state.change.logger)
[2022-07-20 18:53:56,839] INFO [Broker id=0] Leader __consumer_offsets-0 starts at leader epoch 0 from offset 0 with high watermark 0 ISR [0] addingReplicas [] removingReplicas []. Previous leader epoch was -1. (state.change.logger)
[2022-07-20 18:53:56,848] INFO [Broker id=0] Leader __consumer_offsets-29 starts at leader epoch 0 from offset 0 with high watermark 0 ISR [0] addingReplicas [] removingReplicas []. Previous leader epoch was -1. (state.change.logger)
[2022-07-20 18:53:56,853] INFO [Broker id=0] Leader __consumer_offsets-48 starts at leader epoch 0 from offset 0 with high watermark 0 ISR [0] addingReplicas [] removingReplicas []. Previous leader epoch was -1. (state.change.logger)
[2022-07-20 18:53:56,857] INFO [Broker id=0] Leader __consumer_offsets-10 starts at leader epoch 0 from offset 0 with high watermark 0 ISR [0] addingReplicas [] removingReplicas []. Previous leader epoch was -1. (state.change.logger)
[2022-07-20 18:53:56,863] INFO [Broker id=0] Leader __consumer_offsets-45 starts at leader epoch 0 from offset 0 with high watermark 0 ISR [0] addingReplicas [] removingReplicas []. Previous leader epoch was -1. (state.change.logger)
[2022-07-20 18:53:56,870] INFO [Broker id=0] Leader __consumer_offsets-26 starts at leader epoch 0 from offset 0 with high watermark 0 ISR [0] addingReplicas [] removingReplicas []. Previous leader epoch was -1. (state.change.logger)
[2022-07-20 18:53:56,877] INFO [Broker id=0] Leader __consumer_offsets-7 starts at leader epoch 0 from offset 0 with high watermark 0 ISR [0] addingReplicas [] removingReplicas []. Previous leader epoch was -1. (state.change.logger)
[2022-07-20 18:53:56,884] INFO [Broker id=0] Leader __consumer_offsets-42 starts at leader epoch 0 from offset 0 with high watermark 0 ISR [0] addingReplicas [] removingReplicas []. Previous leader epoch was -1. (state.change.logger)
[2022-07-20 18:53:56,892] INFO [Broker id=0] Leader __consumer_offsets-4 starts at leader epoch 0 from offset 0 with high watermark 0 ISR [0] addingReplicas [] removingReplicas []. Previous leader epoch was -1. (state.change.logger)
[2022-07-20 18:53:56,897] INFO [Broker id=0] Leader __consumer_offsets-23 starts at leader epoch 0 from offset 0 with high watermark 0 ISR [0] addingReplicas [] removingReplicas []. Previous leader epoch was -1. (state.change.logger)
[2022-07-20 18:53:56,902] INFO [Broker id=0] Leader __consumer_offsets-1 starts at leader epoch 0 from offset 0 with high watermark 0 ISR [0] addingReplicas [] removingReplicas []. Previous leader epoch was -1. (state.change.logger)
[2022-07-20 18:53:56,907] INFO [Broker id=0] Leader __consumer_offsets-20 starts at leader epoch 0 from offset 0 with high watermark 0 ISR [0] addingReplicas [] removingReplicas []. Previous leader epoch was -1. (state.change.logger)
[2022-07-20 18:53:56,911] INFO [Broker id=0] Leader __consumer_offsets-39 starts at leader epoch 0 from offset 0 with high watermark 0 ISR [0] addingReplicas [] removingReplicas []. Previous leader epoch was -1. (state.change.logger)
[2022-07-20 18:53:56,915] INFO [Broker id=0] Leader __consumer_offsets-17 starts at leader epoch 0 from offset 0 with high watermark 0 ISR [0] addingReplicas [] removingReplicas []. Previous leader epoch was -1. (state.change.logger)
[2022-07-20 18:53:56,921] INFO [Broker id=0] Leader __consumer_offsets-36 starts at leader epoch 0 from offset 0 with high watermark 0 ISR [0] addingReplicas [] removingReplicas []. Previous leader epoch was -1. (state.change.logger)
[2022-07-20 18:53:56,924] INFO [Broker id=0] Leader kafkaUserTopic-0 starts at leader epoch 0 from offset 1 with high watermark 1 ISR [0] addingReplicas [] removingReplicas []. Previous leader epoch was -1. (state.change.logger)
[2022-07-20 18:53:56,925] INFO [Broker id=0] Leader __consumer_offsets-14 starts at leader epoch 0 from offset 0 with high watermark 0 ISR [0] addingReplicas [] removingReplicas []. Previous leader epoch was -1. (state.change.logger)
[2022-07-20 18:53:56,930] INFO [Broker id=0] Leader __consumer_offsets-33 starts at leader epoch 0 from offset 0 with high watermark 0 ISR [0] addingReplicas [] removingReplicas []. Previous leader epoch was -1. (state.change.logger)
[2022-07-20 18:53:56,933] INFO [Broker id=0] Leader __consumer_offsets-49 starts at leader epoch 0 from offset 0 with high watermark 0 ISR [0] addingReplicas [] removingReplicas []. Previous leader epoch was -1. (state.change.logger)
[2022-07-20 18:53:56,938] INFO [Broker id=0] Leader __consumer_offsets-11 starts at leader epoch 0 from offset 0 with high watermark 0 ISR [0] addingReplicas [] removingReplicas []. Previous leader epoch was -1. (state.change.logger)
[2022-07-20 18:53:56,942] INFO [Broker id=0] Leader __consumer_offsets-30 starts at leader epoch 0 from offset 0 with high watermark 0 ISR [0] addingReplicas [] removingReplicas []. Previous leader epoch was -1. (state.change.logger)
[2022-07-20 18:53:56,946] INFO [Broker id=0] Leader __consumer_offsets-46 starts at leader epoch 0 from offset 0 with high watermark 0 ISR [0] addingReplicas [] removingReplicas []. Previous leader epoch was -1. (state.change.logger)
[2022-07-20 18:53:56,953] INFO [Broker id=0] Leader __consumer_offsets-27 starts at leader epoch 0 from offset 0 with high watermark 0 ISR [0] addingReplicas [] removingReplicas []. Previous leader epoch was -1. (state.change.logger)
[2022-07-20 18:53:56,960] INFO [Broker id=0] Leader __consumer_offsets-8 starts at leader epoch 0 from offset 0 with high watermark 0 ISR [0] addingReplicas [] removingReplicas []. Previous leader epoch was -1. (state.change.logger)
[2022-07-20 18:53:56,969] INFO [Broker id=0] Leader tutorialspedia-0 starts at leader epoch 0 from offset 0 with high watermark 0 ISR [0] addingReplicas [] removingReplicas []. Previous leader epoch was -1. (state.change.logger)
[2022-07-20 18:53:56,974] INFO [Broker id=0] Leader __consumer_offsets-24 starts at leader epoch 0 from offset 0 with high watermark 0 ISR [0] addingReplicas [] removingReplicas []. Previous leader epoch was -1. (state.change.logger)
[2022-07-20 18:53:56,983] INFO [Broker id=0] Leader __consumer_offsets-43 starts at leader epoch 0 from offset 0 with high watermark 0 ISR [0] addingReplicas [] removingReplicas []. Previous leader epoch was -1. (state.change.logger)
[2022-07-20 18:53:56,988] INFO [Broker id=0] Leader __consumer_offsets-5 starts at leader epoch 0 from offset 0 with high watermark 0 ISR [0] addingReplicas [] removingReplicas []. Previous leader epoch was -1. (state.change.logger)
[2022-07-20 18:53:56,995] INFO [Broker id=0] Leader __consumer_offsets-21 starts at leader epoch 0 from offset 0 with high watermark 0 ISR [0] addingReplicas [] removingReplicas []. Previous leader epoch was -1. (state.change.logger)
[2022-07-20 18:53:57,001] INFO [Broker id=0] Leader __consumer_offsets-40 starts at leader epoch 0 from offset 0 with high watermark 0 ISR [0] addingReplicas [] removingReplicas []. Previous leader epoch was -1. (state.change.logger)
[2022-07-20 18:53:57,006] INFO [Broker id=0] Leader __consumer_offsets-2 starts at leader epoch 0 from offset 0 with high watermark 0 ISR [0] addingReplicas [] removingReplicas []. Previous leader epoch was -1. (state.change.logger)
[2022-07-20 18:53:57,012] INFO [Broker id=0] Leader __consumer_offsets-37 starts at leader epoch 0 from offset 0 with high watermark 0 ISR [0] addingReplicas [] removingReplicas []. Previous leader epoch was -1. (state.change.logger)
[2022-07-20 18:53:57,018] INFO [Broker id=0] Leader __consumer_offsets-18 starts at leader epoch 0 from offset 0 with high watermark 0 ISR [0] addingReplicas [] removingReplicas []. Previous leader epoch was -1. (state.change.logger)
[2022-07-20 18:53:57,022] INFO [Broker id=0] Leader __consumer_offsets-34 starts at leader epoch 0 from offset 0 with high watermark 0 ISR [0] addingReplicas [] removingReplicas []. Previous leader epoch was -1. (state.change.logger)
[2022-07-20 18:53:57,029] INFO [Broker id=0] Leader __consumer_offsets-15 starts at leader epoch 0 from offset 0 with high watermark 0 ISR [0] addingReplicas [] removingReplicas []. Previous leader epoch was -1. (state.change.logger)
[2022-07-20 18:53:57,036] INFO [Broker id=0] Leader __consumer_offsets-12 starts at leader epoch 0 from offset 0 with high watermark 0 ISR [0] addingReplicas [] removingReplicas []. Previous leader epoch was -1. (state.change.logger)
[2022-07-20 18:53:57,041] INFO [Broker id=0] Leader __consumer_offsets-31 starts at leader epoch 0 from offset 0 with high watermark 0 ISR [0] addingReplicas [] removingReplicas []. Previous leader epoch was -1. (state.change.logger)
[2022-07-20 18:53:57,045] INFO [Broker id=0] Leader __consumer_offsets-9 starts at leader epoch 0 from offset 0 with high watermark 0 ISR [0] addingReplicas [] removingReplicas []. Previous leader epoch was -1. (state.change.logger)
[2022-07-20 18:53:57,048] INFO [Broker id=0] Leader __consumer_offsets-47 starts at leader epoch 0 from offset 1502 with high watermark 1502 ISR [0] addingReplicas [] removingReplicas []. Previous leader epoch was -1. (state.change.logger)
[2022-07-20 18:53:57,049] INFO [Broker id=0] Leader __consumer_offsets-19 starts at leader epoch 0 from offset 0 with high watermark 0 ISR [0] addingReplicas [] removingReplicas []. Previous leader epoch was -1. (state.change.logger)
[2022-07-20 18:53:57,052] INFO [Broker id=0] Leader __consumer_offsets-28 starts at leader epoch 0 from offset 0 with high watermark 0 ISR [0] addingReplicas [] removingReplicas []. Previous leader epoch was -1. (state.change.logger)
[2022-07-20 18:53:57,054] INFO [Broker id=0] Leader __consumer_offsets-38 starts at leader epoch 0 from offset 0 with high watermark 0 ISR [0] addingReplicas [] removingReplicas []. Previous leader epoch was -1. (state.change.logger)
[2022-07-20 18:53:57,059] INFO [Broker id=0] Leader __consumer_offsets-35 starts at leader epoch 0 from offset 0 with high watermark 0 ISR [0] addingReplicas [] removingReplicas []. Previous leader epoch was -1. (state.change.logger)
[2022-07-20 18:53:57,062] INFO [Broker id=0] Leader __consumer_offsets-6 starts at leader epoch 0 from offset 0 with high watermark 0 ISR [0] addingReplicas [] removingReplicas []. Previous leader epoch was -1. (state.change.logger)
[2022-07-20 18:53:57,065] INFO [Broker id=0] Leader __consumer_offsets-44 starts at leader epoch 0 from offset 0 with high watermark 0 ISR [0] addingReplicas [] removingReplicas []. Previous leader epoch was -1. (state.change.logger)
[2022-07-20 18:53:57,068] INFO [Broker id=0] Leader __consumer_offsets-25 starts at leader epoch 0 from offset 0 with high watermark 0 ISR [0] addingReplicas [] removingReplicas []. Previous leader epoch was -1. (state.change.logger)
[2022-07-20 18:53:57,072] INFO [Broker id=0] Leader __consumer_offsets-16 starts at leader epoch 0 from offset 0 with high watermark 0 ISR [0] addingReplicas [] removingReplicas []. Previous leader epoch was -1. (state.change.logger)
[2022-07-20 18:53:57,076] INFO [Broker id=0] Leader __consumer_offsets-22 starts at leader epoch 0 from offset 0 with high watermark 0 ISR [0] addingReplicas [] removingReplicas []. Previous leader epoch was -1. (state.change.logger)
[2022-07-20 18:53:57,082] INFO [Broker id=0] Leader __consumer_offsets-41 starts at leader epoch 0 from offset 0 with high watermark 0 ISR [0] addingReplicas [] removingReplicas []. Previous leader epoch was -1. (state.change.logger)
[2022-07-20 18:53:57,094] INFO [Broker id=0] Leader __consumer_offsets-32 starts at leader epoch 0 from offset 0 with high watermark 0 ISR [0] addingReplicas [] removingReplicas []. Previous leader epoch was -1. (state.change.logger)
[2022-07-20 18:53:57,100] INFO [Broker id=0] Leader __consumer_offsets-3 starts at leader epoch 0 from offset 0 with high watermark 0 ISR [0] addingReplicas [] removingReplicas []. Previous leader epoch was -1. (state.change.logger)
[2022-07-20 18:53:57,106] INFO [Broker id=0] Leader __consumer_offsets-13 starts at leader epoch 0 from offset 0 with high watermark 0 ISR [0] addingReplicas [] removingReplicas []. Previous leader epoch was -1. (state.change.logger)
[2022-07-20 18:53:57,202] INFO [Broker id=0] Finished LeaderAndIsr request in 494ms correlationId 1 from controller 0 for 52 partitions (state.change.logger)
[2022-07-20 18:53:57,215] INFO [Broker id=0] Add 52 partitions and deleted 0 partitions from metadata cache in response to UpdateMetadata request sent by controller 0 epoch 3 with correlation id 2 (state.change.logger)
[2022-07-20 19:23:22,520] INFO [Controller id=0 epoch=3] Sending UpdateMetadata request to brokers Set() for 0 partitions (state.change.logger)
[2022-07-20 19:23:35,217] INFO [Controller id=0 epoch=4] Sending UpdateMetadata request to brokers Set(0) for 0 partitions (state.change.logger)
[2022-07-20 19:23:35,280] INFO [Controller id=0 epoch=4] Sending LeaderAndIsr request to broker 0 with 52 become-leader and 0 become-follower partitions (state.change.logger)
[2022-07-20 19:23:35,290] INFO [Controller id=0 epoch=4] Sending UpdateMetadata request to brokers Set(0) for 52 partitions (state.change.logger)
[2022-07-20 19:23:35,354] INFO [Broker id=0] Handling LeaderAndIsr request correlationId 1 from controller 0 for 52 partitions (state.change.logger)
[2022-07-20 19:23:35,422] INFO [Broker id=0] Stopped fetchers as part of LeaderAndIsr request correlationId 1 from controller 0 epoch 4 as part of the become-leader transition for 52 partitions (state.change.logger)
[2022-07-20 19:23:35,449] INFO [Broker id=0] Leader __consumer_offsets-0 starts at leader epoch 0 from offset 0 with high watermark 0 ISR [0] addingReplicas [] removingReplicas []. Previous leader epoch was -1. (state.change.logger)
[2022-07-20 19:23:35,458] INFO [Broker id=0] Leader __consumer_offsets-29 starts at leader epoch 0 from offset 0 with high watermark 0 ISR [0] addingReplicas [] removingReplicas []. Previous leader epoch was -1. (state.change.logger)
[2022-07-20 19:23:35,461] INFO [Broker id=0] Leader __consumer_offsets-48 starts at leader epoch 0 from offset 0 with high watermark 0 ISR [0] addingReplicas [] removingReplicas []. Previous leader epoch was -1. (state.change.logger)
[2022-07-20 19:23:35,464] INFO [Broker id=0] Leader __consumer_offsets-10 starts at leader epoch 0 from offset 0 with high watermark 0 ISR [0] addingReplicas [] removingReplicas []. Previous leader epoch was -1. (state.change.logger)
[2022-07-20 19:23:35,467] INFO [Broker id=0] Leader __consumer_offsets-45 starts at leader epoch 0 from offset 0 with high watermark 0 ISR [0] addingReplicas [] removingReplicas []. Previous leader epoch was -1. (state.change.logger)
[2022-07-20 19:23:35,471] INFO [Broker id=0] Leader __consumer_offsets-26 starts at leader epoch 0 from offset 0 with high watermark 0 ISR [0] addingReplicas [] removingReplicas []. Previous leader epoch was -1. (state.change.logger)
[2022-07-20 19:23:35,474] INFO [Broker id=0] Leader __consumer_offsets-7 starts at leader epoch 0 from offset 0 with high watermark 0 ISR [0] addingReplicas [] removingReplicas []. Previous leader epoch was -1. (state.change.logger)
[2022-07-20 19:23:35,477] INFO [Broker id=0] Leader __consumer_offsets-42 starts at leader epoch 0 from offset 0 with high watermark 0 ISR [0] addingReplicas [] removingReplicas []. Previous leader epoch was -1. (state.change.logger)
[2022-07-20 19:23:35,480] INFO [Broker id=0] Leader __consumer_offsets-4 starts at leader epoch 0 from offset 0 with high watermark 0 ISR [0] addingReplicas [] removingReplicas []. Previous leader epoch was -1. (state.change.logger)
[2022-07-20 19:23:35,487] INFO [Broker id=0] Leader __consumer_offsets-23 starts at leader epoch 0 from offset 0 with high watermark 0 ISR [0] addingReplicas [] removingReplicas []. Previous leader epoch was -1. (state.change.logger)
[2022-07-20 19:23:35,493] INFO [Broker id=0] Leader __consumer_offsets-1 starts at leader epoch 0 from offset 0 with high watermark 0 ISR [0] addingReplicas [] removingReplicas []. Previous leader epoch was -1. (state.change.logger)
[2022-07-20 19:23:35,500] INFO [Broker id=0] Leader __consumer_offsets-20 starts at leader epoch 0 from offset 0 with high watermark 0 ISR [0] addingReplicas [] removingReplicas []. Previous leader epoch was -1. (state.change.logger)
[2022-07-20 19:23:35,505] INFO [Broker id=0] Leader __consumer_offsets-39 starts at leader epoch 0 from offset 0 with high watermark 0 ISR [0] addingReplicas [] removingReplicas []. Previous leader epoch was -1. (state.change.logger)
[2022-07-20 19:23:35,511] INFO [Broker id=0] Leader __consumer_offsets-17 starts at leader epoch 0 from offset 0 with high watermark 0 ISR [0] addingReplicas [] removingReplicas []. Previous leader epoch was -1. (state.change.logger)
[2022-07-20 19:23:35,516] INFO [Broker id=0] Leader __consumer_offsets-36 starts at leader epoch 0 from offset 0 with high watermark 0 ISR [0] addingReplicas [] removingReplicas []. Previous leader epoch was -1. (state.change.logger)
[2022-07-20 19:23:35,523] INFO [Broker id=0] Leader kafkaUserTopic-0 starts at leader epoch 0 from offset 1 with high watermark 1 ISR [0] addingReplicas [] removingReplicas []. Previous leader epoch was -1. (state.change.logger)
[2022-07-20 19:23:35,525] INFO [Broker id=0] Leader __consumer_offsets-14 starts at leader epoch 0 from offset 0 with high watermark 0 ISR [0] addingReplicas [] removingReplicas []. Previous leader epoch was -1. (state.change.logger)
[2022-07-20 19:23:35,532] INFO [Broker id=0] Leader __consumer_offsets-33 starts at leader epoch 0 from offset 0 with high watermark 0 ISR [0] addingReplicas [] removingReplicas []. Previous leader epoch was -1. (state.change.logger)
[2022-07-20 19:23:35,535] INFO [Broker id=0] Leader __consumer_offsets-49 starts at leader epoch 0 from offset 0 with high watermark 0 ISR [0] addingReplicas [] removingReplicas []. Previous leader epoch was -1. (state.change.logger)
[2022-07-20 19:23:35,538] INFO [Broker id=0] Leader __consumer_offsets-11 starts at leader epoch 0 from offset 0 with high watermark 0 ISR [0] addingReplicas [] removingReplicas []. Previous leader epoch was -1. (state.change.logger)
[2022-07-20 19:23:35,541] INFO [Broker id=0] Leader __consumer_offsets-30 starts at leader epoch 0 from offset 0 with high watermark 0 ISR [0] addingReplicas [] removingReplicas []. Previous leader epoch was -1. (state.change.logger)
[2022-07-20 19:23:35,548] INFO [Broker id=0] Leader __consumer_offsets-46 starts at leader epoch 0 from offset 0 with high watermark 0 ISR [0] addingReplicas [] removingReplicas []. Previous leader epoch was -1. (state.change.logger)
[2022-07-20 19:23:35,551] INFO [Broker id=0] Leader __consumer_offsets-27 starts at leader epoch 0 from offset 0 with high watermark 0 ISR [0] addingReplicas [] removingReplicas []. Previous leader epoch was -1. (state.change.logger)
[2022-07-20 19:23:35,556] INFO [Broker id=0] Leader __consumer_offsets-8 starts at leader epoch 0 from offset 0 with high watermark 0 ISR [0] addingReplicas [] removingReplicas []. Previous leader epoch was -1. (state.change.logger)
[2022-07-20 19:23:35,558] INFO [Broker id=0] Leader tutorialspedia-0 starts at leader epoch 0 from offset 0 with high watermark 0 ISR [0] addingReplicas [] removingReplicas []. Previous leader epoch was -1. (state.change.logger)
[2022-07-20 19:23:35,564] INFO [Broker id=0] Leader __consumer_offsets-24 starts at leader epoch 0 from offset 0 with high watermark 0 ISR [0] addingReplicas [] removingReplicas []. Previous leader epoch was -1. (state.change.logger)
[2022-07-20 19:23:35,567] INFO [Broker id=0] Leader __consumer_offsets-43 starts at leader epoch 0 from offset 0 with high watermark 0 ISR [0] addingReplicas [] removingReplicas []. Previous leader epoch was -1. (state.change.logger)
[2022-07-20 19:23:35,571] INFO [Broker id=0] Leader __consumer_offsets-5 starts at leader epoch 0 from offset 0 with high watermark 0 ISR [0] addingReplicas [] removingReplicas []. Previous leader epoch was -1. (state.change.logger)
[2022-07-20 19:23:35,575] INFO [Broker id=0] Leader __consumer_offsets-21 starts at leader epoch 0 from offset 0 with high watermark 0 ISR [0] addingReplicas [] removingReplicas []. Previous leader epoch was -1. (state.change.logger)
[2022-07-20 19:23:35,581] INFO [Broker id=0] Leader __consumer_offsets-40 starts at leader epoch 0 from offset 0 with high watermark 0 ISR [0] addingReplicas [] removingReplicas []. Previous leader epoch was -1. (state.change.logger)
[2022-07-20 19:23:35,589] INFO [Broker id=0] Leader __consumer_offsets-2 starts at leader epoch 0 from offset 0 with high watermark 0 ISR [0] addingReplicas [] removingReplicas []. Previous leader epoch was -1. (state.change.logger)
[2022-07-20 19:23:35,594] INFO [Broker id=0] Leader __consumer_offsets-37 starts at leader epoch 0 from offset 0 with high watermark 0 ISR [0] addingReplicas [] removingReplicas []. Previous leader epoch was -1. (state.change.logger)
[2022-07-20 19:23:35,600] INFO [Broker id=0] Leader __consumer_offsets-18 starts at leader epoch 0 from offset 0 with high watermark 0 ISR [0] addingReplicas [] removingReplicas []. Previous leader epoch was -1. (state.change.logger)
[2022-07-20 19:23:35,603] INFO [Broker id=0] Leader __consumer_offsets-34 starts at leader epoch 0 from offset 0 with high watermark 0 ISR [0] addingReplicas [] removingReplicas []. Previous leader epoch was -1. (state.change.logger)
[2022-07-20 19:23:35,606] INFO [Broker id=0] Leader __consumer_offsets-15 starts at leader epoch 0 from offset 0 with high watermark 0 ISR [0] addingReplicas [] removingReplicas []. Previous leader epoch was -1. (state.change.logger)
[2022-07-20 19:23:35,611] INFO [Broker id=0] Leader __consumer_offsets-12 starts at leader epoch 0 from offset 0 with high watermark 0 ISR [0] addingReplicas [] removingReplicas []. Previous leader epoch was -1. (state.change.logger)
[2022-07-20 19:23:35,613] INFO [Broker id=0] Leader __consumer_offsets-31 starts at leader epoch 0 from offset 0 with high watermark 0 ISR [0] addingReplicas [] removingReplicas []. Previous leader epoch was -1. (state.change.logger)
[2022-07-20 19:23:35,616] INFO [Broker id=0] Leader __consumer_offsets-9 starts at leader epoch 0 from offset 0 with high watermark 0 ISR [0] addingReplicas [] removingReplicas []. Previous leader epoch was -1. (state.change.logger)
[2022-07-20 19:23:35,619] INFO [Broker id=0] Leader __consumer_offsets-47 starts at leader epoch 0 from offset 1855 with high watermark 1855 ISR [0] addingReplicas [] removingReplicas []. Previous leader epoch was -1. (state.change.logger)
[2022-07-20 19:23:35,620] INFO [Broker id=0] Leader __consumer_offsets-19 starts at leader epoch 0 from offset 0 with high watermark 0 ISR [0] addingReplicas [] removingReplicas []. Previous leader epoch was -1. (state.change.logger)
[2022-07-20 19:23:35,626] INFO [Broker id=0] Leader __consumer_offsets-28 starts at leader epoch 0 from offset 0 with high watermark 0 ISR [0] addingReplicas [] removingReplicas []. Previous leader epoch was -1. (state.change.logger)
[2022-07-20 19:23:35,629] INFO [Broker id=0] Leader __consumer_offsets-38 starts at leader epoch 0 from offset 0 with high watermark 0 ISR [0] addingReplicas [] removingReplicas []. Previous leader epoch was -1. (state.change.logger)
[2022-07-20 19:23:35,633] INFO [Broker id=0] Leader __consumer_offsets-35 starts at leader epoch 0 from offset 0 with high watermark 0 ISR [0] addingReplicas [] removingReplicas []. Previous leader epoch was -1. (state.change.logger)
[2022-07-20 19:23:35,636] INFO [Broker id=0] Leader __consumer_offsets-6 starts at leader epoch 0 from offset 0 with high watermark 0 ISR [0] addingReplicas [] removingReplicas []. Previous leader epoch was -1. (state.change.logger)
[2022-07-20 19:23:35,642] INFO [Broker id=0] Leader __consumer_offsets-44 starts at leader epoch 0 from offset 0 with high watermark 0 ISR [0] addingReplicas [] removingReplicas []. Previous leader epoch was -1. (state.change.logger)
[2022-07-20 19:23:35,648] INFO [Broker id=0] Leader __consumer_offsets-25 starts at leader epoch 0 from offset 0 with high watermark 0 ISR [0] addingReplicas [] removingReplicas []. Previous leader epoch was -1. (state.change.logger)
[2022-07-20 19:23:35,658] INFO [Broker id=0] Leader __consumer_offsets-16 starts at leader epoch 0 from offset 0 with high watermark 0 ISR [0] addingReplicas [] removingReplicas []. Previous leader epoch was -1. (state.change.logger)
[2022-07-20 19:23:35,663] INFO [Broker id=0] Leader __consumer_offsets-22 starts at leader epoch 0 from offset 0 with high watermark 0 ISR [0] addingReplicas [] removingReplicas []. Previous leader epoch was -1. (state.change.logger)
[2022-07-20 19:23:35,668] INFO [Broker id=0] Leader __consumer_offsets-41 starts at leader epoch 0 from offset 0 with high watermark 0 ISR [0] addingReplicas [] removingReplicas []. Previous leader epoch was -1. (state.change.logger)
[2022-07-20 19:23:35,675] INFO [Broker id=0] Leader __consumer_offsets-32 starts at leader epoch 0 from offset 0 with high watermark 0 ISR [0] addingReplicas [] removingReplicas []. Previous leader epoch was -1. (state.change.logger)
[2022-07-20 19:23:35,679] INFO [Broker id=0] Leader __consumer_offsets-3 starts at leader epoch 0 from offset 0 with high watermark 0 ISR [0] addingReplicas [] removingReplicas []. Previous leader epoch was -1. (state.change.logger)
[2022-07-20 19:23:35,682] INFO [Broker id=0] Leader __consumer_offsets-13 starts at leader epoch 0 from offset 0 with high watermark 0 ISR [0] addingReplicas [] removingReplicas []. Previous leader epoch was -1. (state.change.logger)
[2022-07-20 19:23:35,812] INFO [Broker id=0] Finished LeaderAndIsr request in 464ms correlationId 1 from controller 0 for 52 partitions (state.change.logger)
[2022-07-20 19:23:35,829] INFO [Broker id=0] Add 52 partitions and deleted 0 partitions from metadata cache in response to UpdateMetadata request sent by controller 0 epoch 4 with correlation id 2 (state.change.logger)
[2022-07-20 19:30:21,981] INFO [Controller id=0 epoch=4] Changed partition test-0 state from NonExistentPartition to NewPartition with assigned replicas 0 (state.change.logger)
[2022-07-20 19:30:21,981] INFO [Controller id=0 epoch=4] Sending UpdateMetadata request to brokers Set() for 0 partitions (state.change.logger)
[2022-07-20 19:30:21,985] INFO [Controller id=0 epoch=4] Sending UpdateMetadata request to brokers Set() for 0 partitions (state.change.logger)
[2022-07-20 19:30:22,008] INFO [Controller id=0 epoch=4] Changed partition test-0 from NewPartition to OnlinePartition with state LeaderAndIsr(leader=0, leaderEpoch=0, isr=List(0), leaderRecoveryState=RECOVERED, zkVersion=0) (state.change.logger)
[2022-07-20 19:30:22,009] INFO [Controller id=0 epoch=4] Sending LeaderAndIsr request to broker 0 with 1 become-leader and 0 become-follower partitions (state.change.logger)
[2022-07-20 19:30:22,009] INFO [Controller id=0 epoch=4] Sending UpdateMetadata request to brokers Set(0) for 1 partitions (state.change.logger)
[2022-07-20 19:30:22,010] INFO [Controller id=0 epoch=4] Sending UpdateMetadata request to brokers Set() for 0 partitions (state.change.logger)
[2022-07-20 19:30:22,011] INFO [Broker id=0] Handling LeaderAndIsr request correlationId 3 from controller 0 for 1 partitions (state.change.logger)
[2022-07-20 19:30:22,012] INFO [Broker id=0] Stopped fetchers as part of LeaderAndIsr request correlationId 3 from controller 0 epoch 4 as part of the become-leader transition for 1 partitions (state.change.logger)
[2022-07-20 19:30:22,043] INFO [Broker id=0] Leader test-0 starts at leader epoch 0 from offset 0 with high watermark 0 ISR [0] addingReplicas [] removingReplicas []. Previous leader epoch was -1. (state.change.logger)
[2022-07-20 19:30:22,049] INFO [Broker id=0] Finished LeaderAndIsr request in 38ms correlationId 3 from controller 0 for 1 partitions (state.change.logger)
[2022-07-20 19:30:22,051] INFO [Broker id=0] Add 1 partitions and deleted 0 partitions from metadata cache in response to UpdateMetadata request sent by controller 0 epoch 4 with correlation id 4 (state.change.logger)
[2022-07-20 19:31:10,348] INFO [Controller id=0 epoch=4] Changed partition kafkaUserTopicCheck-0 state from NonExistentPartition to NewPartition with assigned replicas 0 (state.change.logger)
[2022-07-20 19:31:10,349] INFO [Controller id=0 epoch=4] Sending UpdateMetadata request to brokers Set() for 0 partitions (state.change.logger)
[2022-07-20 19:31:10,349] INFO [Controller id=0 epoch=4] Sending UpdateMetadata request to brokers Set() for 0 partitions (state.change.logger)
[2022-07-20 19:31:10,375] INFO [Controller id=0 epoch=4] Changed partition kafkaUserTopicCheck-0 from NewPartition to OnlinePartition with state LeaderAndIsr(leader=0, leaderEpoch=0, isr=List(0), leaderRecoveryState=RECOVERED, zkVersion=0) (state.change.logger)
[2022-07-20 19:31:10,375] INFO [Controller id=0 epoch=4] Sending LeaderAndIsr request to broker 0 with 1 become-leader and 0 become-follower partitions (state.change.logger)
[2022-07-20 19:31:10,376] INFO [Controller id=0 epoch=4] Sending UpdateMetadata request to brokers Set(0) for 1 partitions (state.change.logger)
[2022-07-20 19:31:10,376] INFO [Controller id=0 epoch=4] Sending UpdateMetadata request to brokers Set() for 0 partitions (state.change.logger)
[2022-07-20 19:31:10,377] INFO [Broker id=0] Handling LeaderAndIsr request correlationId 5 from controller 0 for 1 partitions (state.change.logger)
[2022-07-20 19:31:10,378] INFO [Broker id=0] Stopped fetchers as part of LeaderAndIsr request correlationId 5 from controller 0 epoch 4 as part of the become-leader transition for 1 partitions (state.change.logger)
[2022-07-20 19:31:10,404] INFO [Broker id=0] Leader kafkaUserTopicCheck-0 starts at leader epoch 0 from offset 0 with high watermark 0 ISR [0] addingReplicas [] removingReplicas []. Previous leader epoch was -1. (state.change.logger)
[2022-07-20 19:31:10,410] INFO [Broker id=0] Finished LeaderAndIsr request in 33ms correlationId 5 from controller 0 for 1 partitions (state.change.logger)
[2022-07-20 19:31:10,412] INFO [Broker id=0] Add 1 partitions and deleted 0 partitions from metadata cache in response to UpdateMetadata request sent by controller 0 epoch 4 with correlation id 6 (state.change.logger)
[2022-07-21 02:33:29,202] INFO [Controller id=0 epoch=4] Sending UpdateMetadata request to brokers Set() for 0 partitions (state.change.logger)
[2022-07-26 14:34:11,476] INFO [Controller id=0 epoch=5] Sending UpdateMetadata request to brokers Set(0) for 0 partitions (state.change.logger)
[2022-07-26 14:34:11,530] INFO [Controller id=0 epoch=5] Sending LeaderAndIsr request to broker 0 with 54 become-leader and 0 become-follower partitions (state.change.logger)
[2022-07-26 14:34:11,534] INFO [Controller id=0 epoch=5] Sending UpdateMetadata request to brokers Set(0) for 54 partitions (state.change.logger)
[2022-07-26 14:34:11,637] INFO [Broker id=0] Handling LeaderAndIsr request correlationId 1 from controller 0 for 54 partitions (state.change.logger)
[2022-07-26 14:34:11,708] INFO [Broker id=0] Stopped fetchers as part of LeaderAndIsr request correlationId 1 from controller 0 epoch 5 as part of the become-leader transition for 54 partitions (state.change.logger)
[2022-07-26 14:34:11,738] INFO [Broker id=0] Leader __consumer_offsets-0 starts at leader epoch 0 from offset 0 with high watermark 0 ISR [0] addingReplicas [] removingReplicas []. Previous leader epoch was -1. (state.change.logger)
[2022-07-26 14:34:11,745] INFO [Broker id=0] Leader __consumer_offsets-29 starts at leader epoch 0 from offset 0 with high watermark 0 ISR [0] addingReplicas [] removingReplicas []. Previous leader epoch was -1. (state.change.logger)
[2022-07-26 14:34:11,749] INFO [Broker id=0] Leader __consumer_offsets-48 starts at leader epoch 0 from offset 0 with high watermark 0 ISR [0] addingReplicas [] removingReplicas []. Previous leader epoch was -1. (state.change.logger)
[2022-07-26 14:34:11,753] INFO [Broker id=0] Leader __consumer_offsets-10 starts at leader epoch 0 from offset 0 with high watermark 0 ISR [0] addingReplicas [] removingReplicas []. Previous leader epoch was -1. (state.change.logger)
[2022-07-26 14:34:11,756] INFO [Broker id=0] Leader __consumer_offsets-45 starts at leader epoch 0 from offset 0 with high watermark 0 ISR [0] addingReplicas [] removingReplicas []. Previous leader epoch was -1. (state.change.logger)
[2022-07-26 14:34:11,760] INFO [Broker id=0] Leader __consumer_offsets-26 starts at leader epoch 0 from offset 0 with high watermark 0 ISR [0] addingReplicas [] removingReplicas []. Previous leader epoch was -1. (state.change.logger)
[2022-07-26 14:34:11,766] INFO [Broker id=0] Leader __consumer_offsets-7 starts at leader epoch 0 from offset 0 with high watermark 0 ISR [0] addingReplicas [] removingReplicas []. Previous leader epoch was -1. (state.change.logger)
[2022-07-26 14:34:11,771] INFO [Broker id=0] Leader __consumer_offsets-42 starts at leader epoch 0 from offset 0 with high watermark 0 ISR [0] addingReplicas [] removingReplicas []. Previous leader epoch was -1. (state.change.logger)
[2022-07-26 14:34:11,775] INFO [Broker id=0] Leader __consumer_offsets-4 starts at leader epoch 0 from offset 0 with high watermark 0 ISR [0] addingReplicas [] removingReplicas []. Previous leader epoch was -1. (state.change.logger)
[2022-07-26 14:34:11,779] INFO [Broker id=0] Leader __consumer_offsets-23 starts at leader epoch 0 from offset 0 with high watermark 0 ISR [0] addingReplicas [] removingReplicas []. Previous leader epoch was -1. (state.change.logger)
[2022-07-26 14:34:11,783] INFO [Broker id=0] Leader __consumer_offsets-1 starts at leader epoch 0 from offset 0 with high watermark 0 ISR [0] addingReplicas [] removingReplicas []. Previous leader epoch was -1. (state.change.logger)
[2022-07-26 14:34:11,790] INFO [Broker id=0] Leader __consumer_offsets-20 starts at leader epoch 0 from offset 0 with high watermark 0 ISR [0] addingReplicas [] removingReplicas []. Previous leader epoch was -1. (state.change.logger)
[2022-07-26 14:34:11,797] INFO [Broker id=0] Leader __consumer_offsets-39 starts at leader epoch 0 from offset 0 with high watermark 0 ISR [0] addingReplicas [] removingReplicas []. Previous leader epoch was -1. (state.change.logger)
[2022-07-26 14:34:11,805] INFO [Broker id=0] Leader __consumer_offsets-17 starts at leader epoch 0 from offset 0 with high watermark 0 ISR [0] addingReplicas [] removingReplicas []. Previous leader epoch was -1. (state.change.logger)
[2022-07-26 14:34:11,813] INFO [Broker id=0] Leader __consumer_offsets-36 starts at leader epoch 0 from offset 0 with high watermark 0 ISR [0] addingReplicas [] removingReplicas []. Previous leader epoch was -1. (state.change.logger)
[2022-07-26 14:34:11,817] INFO [Broker id=0] Leader kafkaUserTopic-0 starts at leader epoch 0 from offset 2 with high watermark 2 ISR [0] addingReplicas [] removingReplicas []. Previous leader epoch was -1. (state.change.logger)
[2022-07-26 14:34:11,818] INFO [Broker id=0] Leader __consumer_offsets-14 starts at leader epoch 0 from offset 0 with high watermark 0 ISR [0] addingReplicas [] removingReplicas []. Previous leader epoch was -1. (state.change.logger)
[2022-07-26 14:34:11,823] INFO [Broker id=0] Leader __consumer_offsets-33 starts at leader epoch 0 from offset 0 with high watermark 0 ISR [0] addingReplicas [] removingReplicas []. Previous leader epoch was -1. (state.change.logger)
[2022-07-26 14:34:11,826] INFO [Broker id=0] Leader __consumer_offsets-49 starts at leader epoch 0 from offset 0 with high watermark 0 ISR [0] addingReplicas [] removingReplicas []. Previous leader epoch was -1. (state.change.logger)
[2022-07-26 14:34:11,830] INFO [Broker id=0] Leader __consumer_offsets-11 starts at leader epoch 0 from offset 0 with high watermark 0 ISR [0] addingReplicas [] removingReplicas []. Previous leader epoch was -1. (state.change.logger)
[2022-07-26 14:34:11,833] INFO [Broker id=0] Leader __consumer_offsets-30 starts at leader epoch 0 from offset 0 with high watermark 0 ISR [0] addingReplicas [] removingReplicas []. Previous leader epoch was -1. (state.change.logger)
[2022-07-26 14:34:11,836] INFO [Broker id=0] Leader test-0 starts at leader epoch 0 from offset 0 with high watermark 0 ISR [0] addingReplicas [] removingReplicas []. Previous leader epoch was -1. (state.change.logger)
[2022-07-26 14:34:11,839] INFO [Broker id=0] Leader __consumer_offsets-46 starts at leader epoch 0 from offset 0 with high watermark 0 ISR [0] addingReplicas [] removingReplicas []. Previous leader epoch was -1. (state.change.logger)
[2022-07-26 14:34:11,845] INFO [Broker id=0] Leader __consumer_offsets-27 starts at leader epoch 0 from offset 0 with high watermark 0 ISR [0] addingReplicas [] removingReplicas []. Previous leader epoch was -1. (state.change.logger)
[2022-07-26 14:34:11,848] INFO [Broker id=0] Leader __consumer_offsets-8 starts at leader epoch 0 from offset 0 with high watermark 0 ISR [0] addingReplicas [] removingReplicas []. Previous leader epoch was -1. (state.change.logger)
[2022-07-26 14:34:11,852] INFO [Broker id=0] Leader tutorialspedia-0 starts at leader epoch 0 from offset 0 with high watermark 0 ISR [0] addingReplicas [] removingReplicas []. Previous leader epoch was -1. (state.change.logger)
[2022-07-26 14:34:11,856] INFO [Broker id=0] Leader __consumer_offsets-24 starts at leader epoch 0 from offset 0 with high watermark 0 ISR [0] addingReplicas [] removingReplicas []. Previous leader epoch was -1. (state.change.logger)
[2022-07-26 14:34:11,861] INFO [Broker id=0] Leader __consumer_offsets-43 starts at leader epoch 0 from offset 0 with high watermark 0 ISR [0] addingReplicas [] removingReplicas []. Previous leader epoch was -1. (state.change.logger)
[2022-07-26 14:34:11,868] INFO [Broker id=0] Leader __consumer_offsets-5 starts at leader epoch 0 from offset 0 with high watermark 0 ISR [0] addingReplicas [] removingReplicas []. Previous leader epoch was -1. (state.change.logger)
[2022-07-26 14:34:11,876] INFO [Broker id=0] Leader __consumer_offsets-21 starts at leader epoch 0 from offset 0 with high watermark 0 ISR [0] addingReplicas [] removingReplicas []. Previous leader epoch was -1. (state.change.logger)
[2022-07-26 14:34:11,879] INFO [Broker id=0] Leader __consumer_offsets-40 starts at leader epoch 0 from offset 0 with high watermark 0 ISR [0] addingReplicas [] removingReplicas []. Previous leader epoch was -1. (state.change.logger)
[2022-07-26 14:34:11,883] INFO [Broker id=0] Leader __consumer_offsets-2 starts at leader epoch 0 from offset 0 with high watermark 0 ISR [0] addingReplicas [] removingReplicas []. Previous leader epoch was -1. (state.change.logger)
[2022-07-26 14:34:11,888] INFO [Broker id=0] Leader __consumer_offsets-37 starts at leader epoch 0 from offset 0 with high watermark 0 ISR [0] addingReplicas [] removingReplicas []. Previous leader epoch was -1. (state.change.logger)
[2022-07-26 14:34:11,893] INFO [Broker id=0] Leader __consumer_offsets-18 starts at leader epoch 0 from offset 0 with high watermark 0 ISR [0] addingReplicas [] removingReplicas []. Previous leader epoch was -1. (state.change.logger)
[2022-07-26 14:34:11,897] INFO [Broker id=0] Leader kafkaUserTopicCheck-0 starts at leader epoch 0 from offset 7 with high watermark 7 ISR [0] addingReplicas [] removingReplicas []. Previous leader epoch was -1. (state.change.logger)
[2022-07-26 14:34:11,898] INFO [Broker id=0] Leader __consumer_offsets-34 starts at leader epoch 0 from offset 0 with high watermark 0 ISR [0] addingReplicas [] removingReplicas []. Previous leader epoch was -1. (state.change.logger)
[2022-07-26 14:34:11,901] INFO [Broker id=0] Leader __consumer_offsets-15 starts at leader epoch 0 from offset 2 with high watermark 2 ISR [0] addingReplicas [] removingReplicas []. Previous leader epoch was -1. (state.change.logger)
[2022-07-26 14:34:11,902] INFO [Broker id=0] Leader __consumer_offsets-12 starts at leader epoch 0 from offset 0 with high watermark 0 ISR [0] addingReplicas [] removingReplicas []. Previous leader epoch was -1. (state.change.logger)
[2022-07-26 14:34:11,908] INFO [Broker id=0] Leader __consumer_offsets-31 starts at leader epoch 0 from offset 0 with high watermark 0 ISR [0] addingReplicas [] removingReplicas []. Previous leader epoch was -1. (state.change.logger)
[2022-07-26 14:34:11,912] INFO [Broker id=0] Leader __consumer_offsets-9 starts at leader epoch 0 from offset 0 with high watermark 0 ISR [0] addingReplicas [] removingReplicas []. Previous leader epoch was -1. (state.change.logger)
[2022-07-26 14:34:11,917] INFO [Broker id=0] Leader __consumer_offsets-47 starts at leader epoch 0 from offset 6739 with high watermark 6739 ISR [0] addingReplicas [] removingReplicas []. Previous leader epoch was -1. (state.change.logger)
[2022-07-26 14:34:11,917] INFO [Broker id=0] Leader __consumer_offsets-19 starts at leader epoch 0 from offset 0 with high watermark 0 ISR [0] addingReplicas [] removingReplicas []. Previous leader epoch was -1. (state.change.logger)
[2022-07-26 14:34:11,921] INFO [Broker id=0] Leader __consumer_offsets-28 starts at leader epoch 0 from offset 0 with high watermark 0 ISR [0] addingReplicas [] removingReplicas []. Previous leader epoch was -1. (state.change.logger)
[2022-07-26 14:34:11,925] INFO [Broker id=0] Leader __consumer_offsets-38 starts at leader epoch 0 from offset 0 with high watermark 0 ISR [0] addingReplicas [] removingReplicas []. Previous leader epoch was -1. (state.change.logger)
[2022-07-26 14:34:11,930] INFO [Broker id=0] Leader __consumer_offsets-35 starts at leader epoch 0 from offset 0 with high watermark 0 ISR [0] addingReplicas [] removingReplicas []. Previous leader epoch was -1. (state.change.logger)
[2022-07-26 14:34:11,934] INFO [Broker id=0] Leader __consumer_offsets-6 starts at leader epoch 0 from offset 0 with high watermark 0 ISR [0] addingReplicas [] removingReplicas []. Previous leader epoch was -1. (state.change.logger)
[2022-07-26 14:34:11,940] INFO [Broker id=0] Leader __consumer_offsets-44 starts at leader epoch 0 from offset 0 with high watermark 0 ISR [0] addingReplicas [] removingReplicas []. Previous leader epoch was -1. (state.change.logger)
[2022-07-26 14:34:11,944] INFO [Broker id=0] Leader __consumer_offsets-25 starts at leader epoch 0 from offset 0 with high watermark 0 ISR [0] addingReplicas [] removingReplicas []. Previous leader epoch was -1. (state.change.logger)
[2022-07-26 14:34:11,947] INFO [Broker id=0] Leader __consumer_offsets-16 starts at leader epoch 0 from offset 0 with high watermark 0 ISR [0] addingReplicas [] removingReplicas []. Previous leader epoch was -1. (state.change.logger)
[2022-07-26 14:34:11,950] INFO [Broker id=0] Leader __consumer_offsets-22 starts at leader epoch 0 from offset 0 with high watermark 0 ISR [0] addingReplicas [] removingReplicas []. Previous leader epoch was -1. (state.change.logger)
[2022-07-26 14:34:11,956] INFO [Broker id=0] Leader __consumer_offsets-41 starts at leader epoch 0 from offset 0 with high watermark 0 ISR [0] addingReplicas [] removingReplicas []. Previous leader epoch was -1. (state.change.logger)
[2022-07-26 14:34:11,962] INFO [Broker id=0] Leader __consumer_offsets-32 starts at leader epoch 0 from offset 0 with high watermark 0 ISR [0] addingReplicas [] removingReplicas []. Previous leader epoch was -1. (state.change.logger)
[2022-07-26 14:34:11,969] INFO [Broker id=0] Leader __consumer_offsets-3 starts at leader epoch 0 from offset 0 with high watermark 0 ISR [0] addingReplicas [] removingReplicas []. Previous leader epoch was -1. (state.change.logger)
[2022-07-26 14:34:11,973] INFO [Broker id=0] Leader __consumer_offsets-13 starts at leader epoch 0 from offset 0 with high watermark 0 ISR [0] addingReplicas [] removingReplicas []. Previous leader epoch was -1. (state.change.logger)
[2022-07-26 14:34:12,077] INFO [Broker id=0] Finished LeaderAndIsr request in 444ms correlationId 1 from controller 0 for 54 partitions (state.change.logger)
[2022-07-26 14:34:12,101] INFO [Broker id=0] Add 54 partitions and deleted 0 partitions from metadata cache in response to UpdateMetadata request sent by controller 0 epoch 5 with correlation id 2 (state.change.logger)
[2022-07-26 21:54:53,738] INFO [Controller id=0 epoch=5] Sending UpdateMetadata request to brokers Set() for 0 partitions (state.change.logger)
